05-Feb-2024 09:13:19.092 INFO [main] org.apache.catalina.startup.VersionLoggerListener.log Nom version serveur :              Apache Tomcat/9.0.85
05-Feb-2024 09:13:19.096 INFO [main] org.apache.catalina.startup.VersionLoggerListener.log Serveur compilé :                  Jan 5 2024 08:28:07 UTC
05-Feb-2024 09:13:19.096 INFO [main] org.apache.catalina.startup.VersionLoggerListener.log Version du serveur :               9.0.85.0
05-Feb-2024 09:13:19.096 INFO [main] org.apache.catalina.startup.VersionLoggerListener.log Nom de l'OS :                      Windows 11
05-Feb-2024 09:13:19.096 INFO [main] org.apache.catalina.startup.VersionLoggerListener.log Version OS :                       10.0
05-Feb-2024 09:13:19.097 INFO [main] org.apache.catalina.startup.VersionLoggerListener.log Architecture :                     amd64
05-Feb-2024 09:13:19.097 INFO [main] org.apache.catalina.startup.VersionLoggerListener.log Java Home :                        C:\Program Files\Java\jdk-11
05-Feb-2024 09:13:19.097 INFO [main] org.apache.catalina.startup.VersionLoggerListener.log Version JVM :                      11.0.19+9-LTS-224
05-Feb-2024 09:13:19.097 INFO [main] org.apache.catalina.startup.VersionLoggerListener.log Fournisseur de la JVM :            Oracle Corporation
05-Feb-2024 09:13:19.097 INFO [main] org.apache.catalina.startup.VersionLoggerListener.log CATALINA_BASE :                    C:\Users\alex4\Desktop\COURS\EI3\PGROU\ECNAutoSurvey\Tomcat server
05-Feb-2024 09:13:19.097 INFO [main] org.apache.catalina.startup.VersionLoggerListener.log CATALINA_HOME :                    C:\Users\alex4\Desktop\COURS\EI3\PGROU\ECNAutoSurvey\Tomcat server
05-Feb-2024 09:13:19.108 INFO [main] org.apache.catalina.startup.VersionLoggerListener.log Argument de la ligne de commande : --add-opens=java.base/java.lang=ALL-UNNAMED
05-Feb-2024 09:13:19.108 INFO [main] org.apache.catalina.startup.VersionLoggerListener.log Argument de la ligne de commande : --add-opens=java.base/java.io=ALL-UNNAMED
05-Feb-2024 09:13:19.108 INFO [main] org.apache.catalina.startup.VersionLoggerListener.log Argument de la ligne de commande : --add-opens=java.base/java.util=ALL-UNNAMED
05-Feb-2024 09:13:19.108 INFO [main] org.apache.catalina.startup.VersionLoggerListener.log Argument de la ligne de commande : --add-opens=java.base/java.util.concurrent=ALL-UNNAMED
05-Feb-2024 09:13:19.108 INFO [main] org.apache.catalina.startup.VersionLoggerListener.log Argument de la ligne de commande : --add-opens=java.rmi/sun.rmi.transport=ALL-UNNAMED
05-Feb-2024 09:13:19.109 INFO [main] org.apache.catalina.startup.VersionLoggerListener.log Argument de la ligne de commande : -Djava.util.logging.config.file=C:\Users\alex4\Desktop\COURS\EI3\PGROU\ECNAutoSurvey\Tomcat server\conf\logging.properties
05-Feb-2024 09:13:19.109 INFO [main] org.apache.catalina.startup.VersionLoggerListener.log Argument de la ligne de commande : -Djava.util.logging.manager=org.apache.juli.ClassLoaderLogManager
05-Feb-2024 09:13:19.109 INFO [main] org.apache.catalina.startup.VersionLoggerListener.log Argument de la ligne de commande : -Djdk.tls.ephemeralDHKeySize=2048
05-Feb-2024 09:13:19.109 INFO [main] org.apache.catalina.startup.VersionLoggerListener.log Argument de la ligne de commande : -Djava.protocol.handler.pkgs=org.apache.catalina.webresources
05-Feb-2024 09:13:19.109 INFO [main] org.apache.catalina.startup.VersionLoggerListener.log Argument de la ligne de commande : -Dignore.endorsed.dirs=
05-Feb-2024 09:13:19.109 INFO [main] org.apache.catalina.startup.VersionLoggerListener.log Argument de la ligne de commande : -Dcatalina.base=C:\Users\alex4\Desktop\COURS\EI3\PGROU\ECNAutoSurvey\Tomcat server
05-Feb-2024 09:13:19.109 INFO [main] org.apache.catalina.startup.VersionLoggerListener.log Argument de la ligne de commande : -Dcatalina.home=C:\Users\alex4\Desktop\COURS\EI3\PGROU\ECNAutoSurvey\Tomcat server
05-Feb-2024 09:13:19.109 INFO [main] org.apache.catalina.startup.VersionLoggerListener.log Argument de la ligne de commande : -Djava.io.tmpdir=C:\Users\alex4\Desktop\COURS\EI3\PGROU\ECNAutoSurvey\Tomcat server\temp
05-Feb-2024 09:13:19.122 INFO [main] org.apache.catalina.core.AprLifecycleListener.lifecycleEvent Chargement de la librairie Apache Tomcat Native [1.2.39] en utilisant APR version [1.7.4]
05-Feb-2024 09:13:19.123 INFO [main] org.apache.catalina.core.AprLifecycleListener.lifecycleEvent Fonctionnalités d'APR : IPv6 [true], sendfile [true], accept filters [false], random [true], UDS [true]
05-Feb-2024 09:13:19.123 INFO [main] org.apache.catalina.core.AprLifecycleListener.lifecycleEvent Configuration de APR/OpenSSL : useAprConnector [false], useOpenSSL [true]
05-Feb-2024 09:13:19.130 INFO [main] org.apache.catalina.core.AprLifecycleListener.initializeSSL OpenSSL a été initialisé avec succès [OpenSSL 3.0.11 19 Sep 2023]
05-Feb-2024 09:13:19.444 INFO [main] org.apache.coyote.AbstractProtocol.init Initialisation du gestionnaire de protocole ["http-nio-8080"]
05-Feb-2024 09:13:19.479 INFO [main] org.apache.catalina.startup.Catalina.load L'initialisation du serveur a pris [594] millisecondes
05-Feb-2024 09:13:19.567 INFO [main] org.apache.catalina.core.StandardService.startInternal Démarrage du service [Catalina]
05-Feb-2024 09:13:19.567 INFO [main] org.apache.catalina.core.StandardEngine.startInternal Démarrage du moteur de Servlets : [Apache Tomcat/9.0.85]
05-Feb-2024 09:13:19.583 INFO [main] org.apache.catalina.startup.HostConfig.deployDescriptor Déploiement du descripteur de configuration [C:\Users\alex4\Desktop\COURS\EI3\PGROU\ECNAutoSurvey\Tomcat server\conf\Catalina\localhost\SpringApp.xml]
05-Feb-2024 09:13:19.600 WARNING [main] org.apache.catalina.startup.HostConfig.deployDescriptor L'attribut path avec la valeur [/SpringApp] dans le descripteur de déploiement [C:\Users\alex4\Desktop\COURS\EI3\PGROU\ECNAutoSurvey\Tomcat server\conf\Catalina\localhost\SpringApp.xml] a été ignoré
05-Feb-2024 09:13:19.641 SEVERE [main] org.apache.catalina.startup.HostConfig.deployDescriptor Erreur lors du déploiement du descripteur de configuration [C:\Users\alex4\Desktop\COURS\EI3\PGROU\ECNAutoSurvey\Tomcat server\conf\Catalina\localhost\SpringApp.xml]
	java.lang.IllegalStateException: Erreur lors du démarrage du conteneur fils
		at org.apache.catalina.core.ContainerBase.addChildInternal(ContainerBase.java:686)
		at org.apache.catalina.core.ContainerBase.addChild(ContainerBase.java:658)
		at org.apache.catalina.core.StandardHost.addChild(StandardHost.java:661)
		at org.apache.catalina.startup.HostConfig.deployDescriptor(HostConfig.java:691)
		at org.apache.catalina.startup.HostConfig$DeployDescriptor.run(HostConfig.java:1897)
		at java.base/java.util.concurrent.Executors$RunnableAdapter.call(Executors.java:515)
		at java.base/java.util.concurrent.FutureTask.run(FutureTask.java:264)
		at org.apache.tomcat.util.threads.InlineExecutorService.execute(InlineExecutorService.java:75)
		at java.base/java.util.concurrent.AbstractExecutorService.submit(AbstractExecutorService.java:118)
		at org.apache.catalina.startup.HostConfig.deployDescriptors(HostConfig.java:584)
		at org.apache.catalina.startup.HostConfig.deployApps(HostConfig.java:474)
		at org.apache.catalina.startup.HostConfig.start(HostConfig.java:1619)
		at org.apache.catalina.startup.HostConfig.lifecycleEvent(HostConfig.java:318)
		at org.apache.catalina.util.LifecycleBase.fireLifecycleEvent(LifecycleBase.java:114)
		at org.apache.catalina.util.LifecycleBase.setStateInternal(LifecycleBase.java:402)
		at org.apache.catalina.util.LifecycleBase.setState(LifecycleBase.java:345)
		at org.apache.catalina.core.ContainerBase.startInternal(ContainerBase.java:893)
		at org.apache.catalina.core.StandardHost.startInternal(StandardHost.java:794)
		at org.apache.catalina.util.LifecycleBase.start(LifecycleBase.java:171)
		at org.apache.catalina.core.ContainerBase$StartChild.call(ContainerBase.java:1332)
		at org.apache.catalina.core.ContainerBase$StartChild.call(ContainerBase.java:1322)
		at java.base/java.util.concurrent.FutureTask.run(FutureTask.java:264)
		at org.apache.tomcat.util.threads.InlineExecutorService.execute(InlineExecutorService.java:75)
		at java.base/java.util.concurrent.AbstractExecutorService.submit(AbstractExecutorService.java:140)
		at org.apache.catalina.core.ContainerBase.startInternal(ContainerBase.java:866)
		at org.apache.catalina.core.StandardEngine.startInternal(StandardEngine.java:248)
		at org.apache.catalina.util.LifecycleBase.start(LifecycleBase.java:171)
		at org.apache.catalina.core.StandardService.startInternal(StandardService.java:433)
		at org.apache.catalina.util.LifecycleBase.start(LifecycleBase.java:171)
		at org.apache.catalina.core.StandardServer.startInternal(StandardServer.java:921)
		at org.apache.catalina.util.LifecycleBase.start(LifecycleBase.java:171)
		at org.apache.catalina.startup.Catalina.start(Catalina.java:772)
		at java.base/jdk.internal.reflect.NativeMethodAccessorImpl.invoke0(Native Method)
		at java.base/jdk.internal.reflect.NativeMethodAccessorImpl.invoke(NativeMethodAccessorImpl.java:62)
		at java.base/jdk.internal.reflect.DelegatingMethodAccessorImpl.invoke(DelegatingMethodAccessorImpl.java:43)
		at java.base/java.lang.reflect.Method.invoke(Method.java:566)
		at org.apache.catalina.startup.Bootstrap.start(Bootstrap.java:347)
		at org.apache.catalina.startup.Bootstrap.main(Bootstrap.java:478)
	Caused by: org.apache.catalina.LifecycleException: Echec de démarrage du composant [org.apache.catalina.webresources.StandardRoot@56f0cc85]
		at org.apache.catalina.util.LifecycleBase.handleSubClassException(LifecycleBase.java:419)
		at org.apache.catalina.util.LifecycleBase.start(LifecycleBase.java:186)
		at org.apache.catalina.core.StandardContext.resourcesStart(StandardContext.java:4575)
		at org.apache.catalina.core.StandardContext.startInternal(StandardContext.java:4708)
		at org.apache.catalina.util.LifecycleBase.start(LifecycleBase.java:171)
		at org.apache.catalina.core.ContainerBase.addChildInternal(ContainerBase.java:683)
		... 37 more
	Caused by: java.lang.IllegalArgumentException: L'ensemble de ressources principal [C:\Users\Alex\Documents\COURS\EI3\ECNAutoSurvey\SpringApp\target\SpringApp-1.0] n'est pas un répertoire, un fichier war, ou n'est pas lisible (il n'existe pas ou les permissions pour y accéder manquent)
		at org.apache.catalina.webresources.StandardRoot.createMainResourceSet(StandardRoot.java:749)
		at org.apache.catalina.webresources.StandardRoot.startInternal(StandardRoot.java:707)
		at org.apache.catalina.util.LifecycleBase.start(LifecycleBase.java:171)
		... 41 more
05-Feb-2024 09:13:19.689 INFO [main] org.apache.catalina.startup.HostConfig.deployDescriptor Le traitement du descripteur de déploiement [C:\Users\alex4\Desktop\COURS\EI3\PGROU\ECNAutoSurvey\Tomcat server\conf\Catalina\localhost\SpringApp.xml] a pris [105] ms
05-Feb-2024 09:13:19.691 INFO [main] org.apache.catalina.startup.HostConfig.deployDirectory Déploiement du répertoire d'application web [C:\Users\alex4\Desktop\COURS\EI3\PGROU\ECNAutoSurvey\Tomcat server\webapps\docs]
05-Feb-2024 09:13:20.333 INFO [main] org.apache.jasper.servlet.TldScanner.scanJars Au moins un fichier JAR a été analysé pour trouver des TLDs mais il n'en contenait pas, le mode "debug" du journal peut être activé pour obtenir une liste complète de JAR scannés sans succès ; éviter d'analyser des JARs inutilement peut améliorer sensiblement le temps de démarrage et le temps de compilation des JSPs
05-Feb-2024 09:13:21.448 WARNING [main] org.apache.catalina.util.SessionIdGeneratorBase.createSecureRandom La création de l'instance de SecureRandom pour le générateur d'id de session en utilisant [SHA1PRNG] a pris [1 088] millisecondes
05-Feb-2024 09:13:21.478 INFO [main] org.apache.catalina.startup.HostConfig.deployDirectory Le déploiement du répertoire [C:\Users\alex4\Desktop\COURS\EI3\PGROU\ECNAutoSurvey\Tomcat server\webapps\docs] de l'application web s'est terminé en [1 787] ms
05-Feb-2024 09:13:21.478 INFO [main] org.apache.catalina.startup.HostConfig.deployDirectory Déploiement du répertoire d'application web [C:\Users\alex4\Desktop\COURS\EI3\PGROU\ECNAutoSurvey\Tomcat server\webapps\examples]
05-Feb-2024 09:13:22.257 INFO [main] org.apache.jasper.servlet.TldScanner.scanJars Au moins un fichier JAR a été analysé pour trouver des TLDs mais il n'en contenait pas, le mode "debug" du journal peut être activé pour obtenir une liste complète de JAR scannés sans succès ; éviter d'analyser des JARs inutilement peut améliorer sensiblement le temps de démarrage et le temps de compilation des JSPs
05-Feb-2024 09:13:22.355 INFO [main] org.apache.catalina.startup.HostConfig.deployDirectory Le déploiement du répertoire [C:\Users\alex4\Desktop\COURS\EI3\PGROU\ECNAutoSurvey\Tomcat server\webapps\examples] de l'application web s'est terminé en [877] ms
05-Feb-2024 09:13:22.356 INFO [main] org.apache.catalina.startup.HostConfig.deployDirectory Déploiement du répertoire d'application web [C:\Users\alex4\Desktop\COURS\EI3\PGROU\ECNAutoSurvey\Tomcat server\webapps\host-manager]
05-Feb-2024 09:13:22.658 INFO [main] org.apache.jasper.servlet.TldScanner.scanJars Au moins un fichier JAR a été analysé pour trouver des TLDs mais il n'en contenait pas, le mode "debug" du journal peut être activé pour obtenir une liste complète de JAR scannés sans succès ; éviter d'analyser des JARs inutilement peut améliorer sensiblement le temps de démarrage et le temps de compilation des JSPs
05-Feb-2024 09:13:22.673 INFO [main] org.apache.catalina.startup.HostConfig.deployDirectory Le déploiement du répertoire [C:\Users\alex4\Desktop\COURS\EI3\PGROU\ECNAutoSurvey\Tomcat server\webapps\host-manager] de l'application web s'est terminé en [317] ms
05-Feb-2024 09:13:22.673 INFO [main] org.apache.catalina.startup.HostConfig.deployDirectory Déploiement du répertoire d'application web [C:\Users\alex4\Desktop\COURS\EI3\PGROU\ECNAutoSurvey\Tomcat server\webapps\manager]
05-Feb-2024 09:13:22.900 INFO [main] org.apache.jasper.servlet.TldScanner.scanJars Au moins un fichier JAR a été analysé pour trouver des TLDs mais il n'en contenait pas, le mode "debug" du journal peut être activé pour obtenir une liste complète de JAR scannés sans succès ; éviter d'analyser des JARs inutilement peut améliorer sensiblement le temps de démarrage et le temps de compilation des JSPs
05-Feb-2024 09:13:22.903 INFO [main] org.apache.catalina.startup.HostConfig.deployDirectory Le déploiement du répertoire [C:\Users\alex4\Desktop\COURS\EI3\PGROU\ECNAutoSurvey\Tomcat server\webapps\manager] de l'application web s'est terminé en [229] ms
05-Feb-2024 09:13:22.903 INFO [main] org.apache.catalina.startup.HostConfig.deployDirectory Déploiement du répertoire d'application web [C:\Users\alex4\Desktop\COURS\EI3\PGROU\ECNAutoSurvey\Tomcat server\webapps\ROOT]
05-Feb-2024 09:13:23.097 INFO [main] org.apache.jasper.servlet.TldScanner.scanJars Au moins un fichier JAR a été analysé pour trouver des TLDs mais il n'en contenait pas, le mode "debug" du journal peut être activé pour obtenir une liste complète de JAR scannés sans succès ; éviter d'analyser des JARs inutilement peut améliorer sensiblement le temps de démarrage et le temps de compilation des JSPs
05-Feb-2024 09:13:23.100 INFO [main] org.apache.catalina.startup.HostConfig.deployDirectory Le déploiement du répertoire [C:\Users\alex4\Desktop\COURS\EI3\PGROU\ECNAutoSurvey\Tomcat server\webapps\ROOT] de l'application web s'est terminé en [197] ms
05-Feb-2024 09:13:23.105 INFO [main] org.apache.coyote.AbstractProtocol.start Démarrage du gestionnaire de protocole ["http-nio-8080"]
05-Feb-2024 09:13:23.910 INFO [main] org.apache.catalina.startup.Catalina.start Le démarrage du serveur a pris [4431] millisecondes
05-Feb-2024 09:13:30.201 INFO [http-nio-8080-exec-10] org.apache.catalina.startup.HostConfig.undeploy Retrait de l'application web ayant pour chemin de contexte [/SpringApp]
05-Feb-2024 09:13:30.231 INFO [http-nio-8080-exec-4] org.apache.catalina.startup.HostConfig.deployDescriptor Déploiement du descripteur de configuration [C:\Users\alex4\Desktop\COURS\EI3\PGROU\ECNAutoSurvey\Tomcat server\conf\Catalina\localhost\SpringApp.xml]
05-Feb-2024 09:13:30.232 WARNING [http-nio-8080-exec-4] org.apache.catalina.startup.HostConfig.deployDescriptor L'attribut path avec la valeur [/SpringApp] dans le descripteur de déploiement [C:\Users\alex4\Desktop\COURS\EI3\PGROU\ECNAutoSurvey\Tomcat server\conf\Catalina\localhost\SpringApp.xml] a été ignoré
05-Feb-2024 09:13:32.890 WARNING [http-nio-8080-exec-4] java.util.ArrayList.forEach Name = DataSource Property maxActive is not used in DBCP2, use maxTotal instead. maxTotal default value is 8. You have set value of "20" for "maxActive" property, which is being ignored.
05-Feb-2024 09:13:32.890 WARNING [http-nio-8080-exec-4] java.util.ArrayList.forEach Name = DataSource Property maxWait is not used in DBCP2 , use maxWaitMillis instead. maxWaitMillis default value is PT-0.001S. You have set value of "-1" for "maxWait" property, which is being ignored.
05-Feb-2024 09:13:33.017 INFO [http-nio-8080-exec-4] org.apache.jasper.servlet.TldScanner.scanJars Au moins un fichier JAR a été analysé pour trouver des TLDs mais il n'en contenait pas, le mode "debug" du journal peut être activé pour obtenir une liste complète de JAR scannés sans succès ; éviter d'analyser des JARs inutilement peut améliorer sensiblement le temps de démarrage et le temps de compilation des JSPs
05-Feb-2024 09:13:35.773 INFO [http-nio-8080-exec-4] org.apache.catalina.loader.WebappClassLoaderBase.addTransformer Ajout d'un transformateur de fichier de class [Standard ClassFileTransformer wrapping JPA transformer: org.eclipse.persistence.internal.jpa.weaving.PersistenceWeaver@57834a2c] pour l'application web [SpringApp]
05-Feb-2024 09:13:37.864 INFO [http-nio-8080-exec-4] org.apache.catalina.startup.HostConfig.deployDescriptor Le traitement du descripteur de déploiement [C:\Users\alex4\Desktop\COURS\EI3\PGROU\ECNAutoSurvey\Tomcat server\conf\Catalina\localhost\SpringApp.xml] a pris [7 633] ms
05-Feb-2024 09:13:37.868 INFO [http-nio-8080-exec-6] org.apache.catalina.util.LifecycleBase.start La méthode start() a été appelée sur le composant [StandardEngine[Catalina].StandardHost[localhost].StandardContext[/SpringApp]] après que start() ait déjà été appelé, le deuxième appel sera ignoré
05-Feb-2024 09:15:32.053 WARNING [http-nio-8080-exec-17] org.apache.catalina.loader.WebappClassLoaderBase.clearReferencesJdbc L'application web [SpringApp] a enregistré un pilote JDBC [org.postgresql.Driver], mais ne l'a pas désenregistré avant l'arrêt de l'application.  Pour éviter une fuite de mémoire, le pilote JDBC a été désenregistré de force.
05-Feb-2024 09:15:32.576 INFO [http-nio-8080-exec-17] org.apache.catalina.startup.HostConfig.undeploy Retrait de l'application web ayant pour chemin de contexte [/SpringApp]
05-Feb-2024 09:15:32.596 INFO [http-nio-8080-exec-11] org.apache.catalina.startup.HostConfig.deployDescriptor Déploiement du descripteur de configuration [C:\Users\alex4\Desktop\COURS\EI3\PGROU\ECNAutoSurvey\Tomcat server\conf\Catalina\localhost\SpringApp.xml]
05-Feb-2024 09:15:32.597 WARNING [http-nio-8080-exec-11] org.apache.catalina.startup.HostConfig.deployDescriptor L'attribut path avec la valeur [/SpringApp] dans le descripteur de déploiement [C:\Users\alex4\Desktop\COURS\EI3\PGROU\ECNAutoSurvey\Tomcat server\conf\Catalina\localhost\SpringApp.xml] a été ignoré
05-Feb-2024 09:15:35.086 INFO [http-nio-8080-exec-11] org.apache.jasper.servlet.TldScanner.scanJars Au moins un fichier JAR a été analysé pour trouver des TLDs mais il n'en contenait pas, le mode "debug" du journal peut être activé pour obtenir une liste complète de JAR scannés sans succès ; éviter d'analyser des JARs inutilement peut améliorer sensiblement le temps de démarrage et le temps de compilation des JSPs
05-Feb-2024 09:15:37.356 INFO [http-nio-8080-exec-11] org.apache.catalina.loader.WebappClassLoaderBase.addTransformer Ajout d'un transformateur de fichier de class [Standard ClassFileTransformer wrapping JPA transformer: org.eclipse.persistence.internal.jpa.weaving.PersistenceWeaver@40ed5c83] pour l'application web [SpringApp]
05-Feb-2024 09:15:39.145 INFO [http-nio-8080-exec-11] org.apache.catalina.startup.HostConfig.deployDescriptor Le traitement du descripteur de déploiement [C:\Users\alex4\Desktop\COURS\EI3\PGROU\ECNAutoSurvey\Tomcat server\conf\Catalina\localhost\SpringApp.xml] a pris [6 549] ms
05-Feb-2024 09:15:39.149 INFO [http-nio-8080-exec-14] org.apache.catalina.util.LifecycleBase.start La méthode start() a été appelée sur le composant [StandardEngine[Catalina].StandardHost[localhost].StandardContext[/SpringApp]] après que start() ait déjà été appelé, le deuxième appel sera ignoré
05-Feb-2024 09:19:40.263 WARNING [http-nio-8080-exec-26] org.apache.catalina.loader.WebappClassLoaderBase.clearReferencesJdbc L'application web [SpringApp] a enregistré un pilote JDBC [org.postgresql.Driver], mais ne l'a pas désenregistré avant l'arrêt de l'application.  Pour éviter une fuite de mémoire, le pilote JDBC a été désenregistré de force.
05-Feb-2024 09:19:40.779 INFO [http-nio-8080-exec-26] org.apache.catalina.startup.HostConfig.undeploy Retrait de l'application web ayant pour chemin de contexte [/SpringApp]
05-Feb-2024 09:19:40.801 INFO [http-nio-8080-exec-24] org.apache.catalina.startup.HostConfig.deployDescriptor Déploiement du descripteur de configuration [C:\Users\alex4\Desktop\COURS\EI3\PGROU\ECNAutoSurvey\Tomcat server\conf\Catalina\localhost\SpringApp.xml]
05-Feb-2024 09:19:40.802 WARNING [http-nio-8080-exec-24] org.apache.catalina.startup.HostConfig.deployDescriptor L'attribut path avec la valeur [/SpringApp] dans le descripteur de déploiement [C:\Users\alex4\Desktop\COURS\EI3\PGROU\ECNAutoSurvey\Tomcat server\conf\Catalina\localhost\SpringApp.xml] a été ignoré
05-Feb-2024 09:19:43.407 INFO [http-nio-8080-exec-24] org.apache.jasper.servlet.TldScanner.scanJars Au moins un fichier JAR a été analysé pour trouver des TLDs mais il n'en contenait pas, le mode "debug" du journal peut être activé pour obtenir une liste complète de JAR scannés sans succès ; éviter d'analyser des JARs inutilement peut améliorer sensiblement le temps de démarrage et le temps de compilation des JSPs
05-Feb-2024 09:19:45.787 INFO [http-nio-8080-exec-24] org.apache.catalina.loader.WebappClassLoaderBase.addTransformer Ajout d'un transformateur de fichier de class [Standard ClassFileTransformer wrapping JPA transformer: org.eclipse.persistence.internal.jpa.weaving.PersistenceWeaver@5f9bb655] pour l'application web [SpringApp]
05-Feb-2024 09:19:47.687 INFO [http-nio-8080-exec-24] org.apache.catalina.startup.HostConfig.deployDescriptor Le traitement du descripteur de déploiement [C:\Users\alex4\Desktop\COURS\EI3\PGROU\ECNAutoSurvey\Tomcat server\conf\Catalina\localhost\SpringApp.xml] a pris [6 886] ms
05-Feb-2024 09:19:47.690 INFO [http-nio-8080-exec-23] org.apache.catalina.util.LifecycleBase.start La méthode start() a été appelée sur le composant [StandardEngine[Catalina].StandardHost[localhost].StandardContext[/SpringApp]] après que start() ait déjà été appelé, le deuxième appel sera ignoré
05-Feb-2024 09:21:21.828 WARNING [http-nio-8080-exec-38] org.apache.catalina.loader.WebappClassLoaderBase.clearReferencesJdbc L'application web [SpringApp] a enregistré un pilote JDBC [org.postgresql.Driver], mais ne l'a pas désenregistré avant l'arrêt de l'application.  Pour éviter une fuite de mémoire, le pilote JDBC a été désenregistré de force.
05-Feb-2024 09:21:22.338 INFO [http-nio-8080-exec-38] org.apache.catalina.startup.HostConfig.undeploy Retrait de l'application web ayant pour chemin de contexte [/SpringApp]
05-Feb-2024 09:21:22.363 INFO [http-nio-8080-exec-39] org.apache.catalina.startup.HostConfig.deployDescriptor Déploiement du descripteur de configuration [C:\Users\alex4\Desktop\COURS\EI3\PGROU\ECNAutoSurvey\Tomcat server\conf\Catalina\localhost\SpringApp.xml]
05-Feb-2024 09:21:22.364 WARNING [http-nio-8080-exec-39] org.apache.catalina.startup.HostConfig.deployDescriptor L'attribut path avec la valeur [/SpringApp] dans le descripteur de déploiement [C:\Users\alex4\Desktop\COURS\EI3\PGROU\ECNAutoSurvey\Tomcat server\conf\Catalina\localhost\SpringApp.xml] a été ignoré
05-Feb-2024 09:21:24.952 INFO [http-nio-8080-exec-39] org.apache.jasper.servlet.TldScanner.scanJars Au moins un fichier JAR a été analysé pour trouver des TLDs mais il n'en contenait pas, le mode "debug" du journal peut être activé pour obtenir une liste complète de JAR scannés sans succès ; éviter d'analyser des JARs inutilement peut améliorer sensiblement le temps de démarrage et le temps de compilation des JSPs
05-Feb-2024 09:21:27.096 INFO [http-nio-8080-exec-39] org.apache.catalina.loader.WebappClassLoaderBase.addTransformer Ajout d'un transformateur de fichier de class [Standard ClassFileTransformer wrapping JPA transformer: org.eclipse.persistence.internal.jpa.weaving.PersistenceWeaver@251f3fcd] pour l'application web [SpringApp]
05-Feb-2024 09:21:28.832 INFO [http-nio-8080-exec-39] org.apache.catalina.startup.HostConfig.deployDescriptor Le traitement du descripteur de déploiement [C:\Users\alex4\Desktop\COURS\EI3\PGROU\ECNAutoSurvey\Tomcat server\conf\Catalina\localhost\SpringApp.xml] a pris [6 469] ms
05-Feb-2024 09:21:28.835 INFO [http-nio-8080-exec-36] org.apache.catalina.util.LifecycleBase.start La méthode start() a été appelée sur le composant [StandardEngine[Catalina].StandardHost[localhost].StandardContext[/SpringApp]] après que start() ait déjà été appelé, le deuxième appel sera ignoré
05-Feb-2024 09:23:55.190 WARNING [http-nio-8080-exec-40] org.apache.catalina.loader.WebappClassLoaderBase.clearReferencesJdbc L'application web [SpringApp] a enregistré un pilote JDBC [org.postgresql.Driver], mais ne l'a pas désenregistré avant l'arrêt de l'application.  Pour éviter une fuite de mémoire, le pilote JDBC a été désenregistré de force.
05-Feb-2024 09:23:55.704 INFO [http-nio-8080-exec-40] org.apache.catalina.startup.HostConfig.undeploy Retrait de l'application web ayant pour chemin de contexte [/SpringApp]
05-Feb-2024 09:23:55.720 INFO [http-nio-8080-exec-43] org.apache.catalina.startup.HostConfig.deployDescriptor Déploiement du descripteur de configuration [C:\Users\alex4\Desktop\COURS\EI3\PGROU\ECNAutoSurvey\Tomcat server\conf\Catalina\localhost\SpringApp.xml]
05-Feb-2024 09:23:55.721 WARNING [http-nio-8080-exec-43] org.apache.catalina.startup.HostConfig.deployDescriptor L'attribut path avec la valeur [/SpringApp] dans le descripteur de déploiement [C:\Users\alex4\Desktop\COURS\EI3\PGROU\ECNAutoSurvey\Tomcat server\conf\Catalina\localhost\SpringApp.xml] a été ignoré
05-Feb-2024 09:23:58.273 INFO [http-nio-8080-exec-43] org.apache.jasper.servlet.TldScanner.scanJars Au moins un fichier JAR a été analysé pour trouver des TLDs mais il n'en contenait pas, le mode "debug" du journal peut être activé pour obtenir une liste complète de JAR scannés sans succès ; éviter d'analyser des JARs inutilement peut améliorer sensiblement le temps de démarrage et le temps de compilation des JSPs
05-Feb-2024 09:24:00.403 INFO [http-nio-8080-exec-43] org.apache.catalina.loader.WebappClassLoaderBase.addTransformer Ajout d'un transformateur de fichier de class [Standard ClassFileTransformer wrapping JPA transformer: org.eclipse.persistence.internal.jpa.weaving.PersistenceWeaver@2162b804] pour l'application web [SpringApp]
05-Feb-2024 09:24:02.302 INFO [http-nio-8080-exec-43] org.apache.catalina.startup.HostConfig.deployDescriptor Le traitement du descripteur de déploiement [C:\Users\alex4\Desktop\COURS\EI3\PGROU\ECNAutoSurvey\Tomcat server\conf\Catalina\localhost\SpringApp.xml] a pris [6 582] ms
05-Feb-2024 09:24:02.305 INFO [http-nio-8080-exec-45] org.apache.catalina.util.LifecycleBase.start La méthode start() a été appelée sur le composant [StandardEngine[Catalina].StandardHost[localhost].StandardContext[/SpringApp]] après que start() ait déjà été appelé, le deuxième appel sera ignoré
05-Feb-2024 09:34:08.677 WARNING [http-nio-8080-exec-54] org.apache.catalina.loader.WebappClassLoaderBase.clearReferencesJdbc L'application web [SpringApp] a enregistré un pilote JDBC [org.postgresql.Driver], mais ne l'a pas désenregistré avant l'arrêt de l'application.  Pour éviter une fuite de mémoire, le pilote JDBC a été désenregistré de force.
05-Feb-2024 09:34:09.187 INFO [http-nio-8080-exec-54] org.apache.catalina.startup.HostConfig.undeploy Retrait de l'application web ayant pour chemin de contexte [/SpringApp]
05-Feb-2024 09:34:09.220 INFO [http-nio-8080-exec-50] org.apache.catalina.startup.HostConfig.deployDescriptor Déploiement du descripteur de configuration [C:\Users\alex4\Desktop\COURS\EI3\PGROU\ECNAutoSurvey\Tomcat server\conf\Catalina\localhost\SpringApp.xml]
05-Feb-2024 09:34:09.221 WARNING [http-nio-8080-exec-50] org.apache.catalina.startup.HostConfig.deployDescriptor L'attribut path avec la valeur [/SpringApp] dans le descripteur de déploiement [C:\Users\alex4\Desktop\COURS\EI3\PGROU\ECNAutoSurvey\Tomcat server\conf\Catalina\localhost\SpringApp.xml] a été ignoré
05-Feb-2024 09:34:12.972 INFO [http-nio-8080-exec-50] org.apache.jasper.servlet.TldScanner.scanJars Au moins un fichier JAR a été analysé pour trouver des TLDs mais il n'en contenait pas, le mode "debug" du journal peut être activé pour obtenir une liste complète de JAR scannés sans succès ; éviter d'analyser des JARs inutilement peut améliorer sensiblement le temps de démarrage et le temps de compilation des JSPs
05-Feb-2024 09:34:16.321 INFO [http-nio-8080-exec-50] org.apache.catalina.loader.WebappClassLoaderBase.addTransformer Ajout d'un transformateur de fichier de class [Standard ClassFileTransformer wrapping JPA transformer: org.eclipse.persistence.internal.jpa.weaving.PersistenceWeaver@490be3fc] pour l'application web [SpringApp]
05-Feb-2024 09:34:18.952 INFO [http-nio-8080-exec-50] org.apache.catalina.startup.HostConfig.deployDescriptor Le traitement du descripteur de déploiement [C:\Users\alex4\Desktop\COURS\EI3\PGROU\ECNAutoSurvey\Tomcat server\conf\Catalina\localhost\SpringApp.xml] a pris [9 731] ms
05-Feb-2024 09:34:18.957 INFO [http-nio-8080-exec-49] org.apache.catalina.util.LifecycleBase.start La méthode start() a été appelée sur le composant [StandardEngine[Catalina].StandardHost[localhost].StandardContext[/SpringApp]] après que start() ait déjà été appelé, le deuxième appel sera ignoré
05-Feb-2024 09:55:09.028 WARNING [http-nio-8080-exec-66] org.apache.catalina.loader.WebappClassLoaderBase.clearReferencesJdbc L'application web [SpringApp] a enregistré un pilote JDBC [org.postgresql.Driver], mais ne l'a pas désenregistré avant l'arrêt de l'application.  Pour éviter une fuite de mémoire, le pilote JDBC a été désenregistré de force.
05-Feb-2024 09:55:09.542 INFO [http-nio-8080-exec-66] org.apache.catalina.startup.HostConfig.undeploy Retrait de l'application web ayant pour chemin de contexte [/SpringApp]
05-Feb-2024 09:55:09.642 INFO [http-nio-8080-exec-64] org.apache.catalina.startup.HostConfig.deployDescriptor Déploiement du descripteur de configuration [C:\Users\alex4\Desktop\COURS\EI3\PGROU\ECNAutoSurvey\Tomcat server\conf\Catalina\localhost\SpringApp.xml]
05-Feb-2024 09:55:09.645 WARNING [http-nio-8080-exec-64] org.apache.catalina.startup.HostConfig.deployDescriptor L'attribut path avec la valeur [/SpringApp] dans le descripteur de déploiement [C:\Users\alex4\Desktop\COURS\EI3\PGROU\ECNAutoSurvey\Tomcat server\conf\Catalina\localhost\SpringApp.xml] a été ignoré
05-Feb-2024 09:55:14.380 INFO [http-nio-8080-exec-64] org.apache.jasper.servlet.TldScanner.scanJars Au moins un fichier JAR a été analysé pour trouver des TLDs mais il n'en contenait pas, le mode "debug" du journal peut être activé pour obtenir une liste complète de JAR scannés sans succès ; éviter d'analyser des JARs inutilement peut améliorer sensiblement le temps de démarrage et le temps de compilation des JSPs
05-Feb-2024 09:55:18.475 INFO [http-nio-8080-exec-64] org.apache.catalina.loader.WebappClassLoaderBase.addTransformer Ajout d'un transformateur de fichier de class [Standard ClassFileTransformer wrapping JPA transformer: org.eclipse.persistence.internal.jpa.weaving.PersistenceWeaver@49b921ed] pour l'application web [SpringApp]
05-Feb-2024 09:55:21.090 INFO [http-nio-8080-exec-64] org.apache.catalina.startup.HostConfig.deployDescriptor Le traitement du descripteur de déploiement [C:\Users\alex4\Desktop\COURS\EI3\PGROU\ECNAutoSurvey\Tomcat server\conf\Catalina\localhost\SpringApp.xml] a pris [11 448] ms
05-Feb-2024 09:55:21.094 INFO [http-nio-8080-exec-60] org.apache.catalina.util.LifecycleBase.start La méthode start() a été appelée sur le composant [StandardEngine[Catalina].StandardHost[localhost].StandardContext[/SpringApp]] après que start() ait déjà été appelé, le deuxième appel sera ignoré
05-Feb-2024 10:07:53.209 WARNING [http-nio-8080-exec-76] org.apache.catalina.loader.WebappClassLoaderBase.clearReferencesJdbc L'application web [SpringApp] a enregistré un pilote JDBC [org.postgresql.Driver], mais ne l'a pas désenregistré avant l'arrêt de l'application.  Pour éviter une fuite de mémoire, le pilote JDBC a été désenregistré de force.
05-Feb-2024 10:07:53.719 INFO [http-nio-8080-exec-76] org.apache.catalina.startup.HostConfig.undeploy Retrait de l'application web ayant pour chemin de contexte [/SpringApp]
05-Feb-2024 10:07:53.742 INFO [http-nio-8080-exec-70] org.apache.catalina.startup.HostConfig.deployDescriptor Déploiement du descripteur de configuration [C:\Users\alex4\Desktop\COURS\EI3\PGROU\ECNAutoSurvey\Tomcat server\conf\Catalina\localhost\SpringApp.xml]
05-Feb-2024 10:07:53.743 WARNING [http-nio-8080-exec-70] org.apache.catalina.startup.HostConfig.deployDescriptor L'attribut path avec la valeur [/SpringApp] dans le descripteur de déploiement [C:\Users\alex4\Desktop\COURS\EI3\PGROU\ECNAutoSurvey\Tomcat server\conf\Catalina\localhost\SpringApp.xml] a été ignoré
05-Feb-2024 10:07:56.242 INFO [http-nio-8080-exec-70] org.apache.jasper.servlet.TldScanner.scanJars Au moins un fichier JAR a été analysé pour trouver des TLDs mais il n'en contenait pas, le mode "debug" du journal peut être activé pour obtenir une liste complète de JAR scannés sans succès ; éviter d'analyser des JARs inutilement peut améliorer sensiblement le temps de démarrage et le temps de compilation des JSPs
05-Feb-2024 10:07:58.392 INFO [http-nio-8080-exec-70] org.apache.catalina.loader.WebappClassLoaderBase.addTransformer Ajout d'un transformateur de fichier de class [Standard ClassFileTransformer wrapping JPA transformer: org.eclipse.persistence.internal.jpa.weaving.PersistenceWeaver@6ba96850] pour l'application web [SpringApp]
05-Feb-2024 10:08:00.074 INFO [http-nio-8080-exec-70] org.apache.catalina.startup.HostConfig.deployDescriptor Le traitement du descripteur de déploiement [C:\Users\alex4\Desktop\COURS\EI3\PGROU\ECNAutoSurvey\Tomcat server\conf\Catalina\localhost\SpringApp.xml] a pris [6 332] ms
05-Feb-2024 10:08:00.077 INFO [http-nio-8080-exec-71] org.apache.catalina.util.LifecycleBase.start La méthode start() a été appelée sur le composant [StandardEngine[Catalina].StandardHost[localhost].StandardContext[/SpringApp]] après que start() ait déjà été appelé, le deuxième appel sera ignoré
05-Feb-2024 10:12:45.295 WARNING [http-nio-8080-exec-85] org.apache.catalina.loader.WebappClassLoaderBase.clearReferencesJdbc L'application web [SpringApp] a enregistré un pilote JDBC [org.postgresql.Driver], mais ne l'a pas désenregistré avant l'arrêt de l'application.  Pour éviter une fuite de mémoire, le pilote JDBC a été désenregistré de force.
05-Feb-2024 10:12:45.813 INFO [http-nio-8080-exec-85] org.apache.catalina.startup.HostConfig.undeploy Retrait de l'application web ayant pour chemin de contexte [/SpringApp]
05-Feb-2024 10:12:45.834 INFO [http-nio-8080-exec-82] org.apache.catalina.startup.HostConfig.deployDescriptor Déploiement du descripteur de configuration [C:\Users\alex4\Desktop\COURS\EI3\PGROU\ECNAutoSurvey\Tomcat server\conf\Catalina\localhost\SpringApp.xml]
05-Feb-2024 10:12:45.835 WARNING [http-nio-8080-exec-82] org.apache.catalina.startup.HostConfig.deployDescriptor L'attribut path avec la valeur [/SpringApp] dans le descripteur de déploiement [C:\Users\alex4\Desktop\COURS\EI3\PGROU\ECNAutoSurvey\Tomcat server\conf\Catalina\localhost\SpringApp.xml] a été ignoré
05-Feb-2024 10:12:48.439 INFO [http-nio-8080-exec-82] org.apache.jasper.servlet.TldScanner.scanJars Au moins un fichier JAR a été analysé pour trouver des TLDs mais il n'en contenait pas, le mode "debug" du journal peut être activé pour obtenir une liste complète de JAR scannés sans succès ; éviter d'analyser des JARs inutilement peut améliorer sensiblement le temps de démarrage et le temps de compilation des JSPs
05-Feb-2024 10:12:50.548 INFO [http-nio-8080-exec-82] org.apache.catalina.loader.WebappClassLoaderBase.addTransformer Ajout d'un transformateur de fichier de class [Standard ClassFileTransformer wrapping JPA transformer: org.eclipse.persistence.internal.jpa.weaving.PersistenceWeaver@5df61fb2] pour l'application web [SpringApp]
05-Feb-2024 10:12:52.334 INFO [http-nio-8080-exec-82] org.apache.catalina.startup.HostConfig.deployDescriptor Le traitement du descripteur de déploiement [C:\Users\alex4\Desktop\COURS\EI3\PGROU\ECNAutoSurvey\Tomcat server\conf\Catalina\localhost\SpringApp.xml] a pris [6 499] ms
05-Feb-2024 10:12:52.337 INFO [http-nio-8080-exec-80] org.apache.catalina.util.LifecycleBase.start La méthode start() a été appelée sur le composant [StandardEngine[Catalina].StandardHost[localhost].StandardContext[/SpringApp]] après que start() ait déjà été appelé, le deuxième appel sera ignoré
05-Feb-2024 10:13:20.876 WARNING [http-nio-8080-exec-89] org.apache.catalina.loader.WebappClassLoaderBase.clearReferencesJdbc L'application web [SpringApp] a enregistré un pilote JDBC [org.postgresql.Driver], mais ne l'a pas désenregistré avant l'arrêt de l'application.  Pour éviter une fuite de mémoire, le pilote JDBC a été désenregistré de force.
05-Feb-2024 10:13:21.385 INFO [http-nio-8080-exec-89] org.apache.catalina.startup.HostConfig.undeploy Retrait de l'application web ayant pour chemin de contexte [/SpringApp]
05-Feb-2024 10:13:21.401 INFO [http-nio-8080-exec-80] org.apache.catalina.startup.HostConfig.deployDescriptor Déploiement du descripteur de configuration [C:\Users\alex4\Desktop\COURS\EI3\PGROU\ECNAutoSurvey\Tomcat server\conf\Catalina\localhost\SpringApp.xml]
05-Feb-2024 10:13:21.402 WARNING [http-nio-8080-exec-80] org.apache.catalina.startup.HostConfig.deployDescriptor L'attribut path avec la valeur [/SpringApp] dans le descripteur de déploiement [C:\Users\alex4\Desktop\COURS\EI3\PGROU\ECNAutoSurvey\Tomcat server\conf\Catalina\localhost\SpringApp.xml] a été ignoré
05-Feb-2024 10:13:23.814 INFO [http-nio-8080-exec-80] org.apache.jasper.servlet.TldScanner.scanJars Au moins un fichier JAR a été analysé pour trouver des TLDs mais il n'en contenait pas, le mode "debug" du journal peut être activé pour obtenir une liste complète de JAR scannés sans succès ; éviter d'analyser des JARs inutilement peut améliorer sensiblement le temps de démarrage et le temps de compilation des JSPs
05-Feb-2024 10:13:25.885 INFO [http-nio-8080-exec-80] org.apache.catalina.loader.WebappClassLoaderBase.addTransformer Ajout d'un transformateur de fichier de class [Standard ClassFileTransformer wrapping JPA transformer: org.eclipse.persistence.internal.jpa.weaving.PersistenceWeaver@5f20bbbe] pour l'application web [SpringApp]
05-Feb-2024 10:13:27.546 INFO [http-nio-8080-exec-80] org.apache.catalina.startup.HostConfig.deployDescriptor Le traitement du descripteur de déploiement [C:\Users\alex4\Desktop\COURS\EI3\PGROU\ECNAutoSurvey\Tomcat server\conf\Catalina\localhost\SpringApp.xml] a pris [6 145] ms
05-Feb-2024 10:13:27.549 INFO [http-nio-8080-exec-90] org.apache.catalina.util.LifecycleBase.start La méthode start() a été appelée sur le composant [StandardEngine[Catalina].StandardHost[localhost].StandardContext[/SpringApp]] après que start() ait déjà été appelé, le deuxième appel sera ignoré
05-Feb-2024 11:26:03.956 INFO [main] org.apache.catalina.core.StandardServer.await Une commande d'arrêt valide a été reçue sur le port d'arrêt, arrêt de l'instance du serveur
05-Feb-2024 11:26:03.957 INFO [main] org.apache.coyote.AbstractProtocol.pause Le gestionnaire de protocole ["http-nio-8080"] est mis en pause
05-Feb-2024 11:26:04.649 INFO [main] org.apache.catalina.core.StandardService.stopInternal Arrêt du service [Catalina]
05-Feb-2024 11:26:04.685 WARNING [main] org.apache.catalina.loader.WebappClassLoaderBase.clearReferencesJdbc L'application web [SpringApp] a enregistré un pilote JDBC [org.postgresql.Driver], mais ne l'a pas désenregistré avant l'arrêt de l'application.  Pour éviter une fuite de mémoire, le pilote JDBC a été désenregistré de force.
05-Feb-2024 11:26:04.696 INFO [main] org.apache.coyote.AbstractProtocol.stop Arrêt du gestionnaire de protocole ["http-nio-8080"]
05-Feb-2024 11:26:04.711 INFO [main] org.apache.coyote.AbstractProtocol.destroy Destruction du gestionnaire de protocole ["http-nio-8080"]
05-Feb-2024 11:26:13.257 INFO [main] org.apache.catalina.startup.VersionLoggerListener.log Nom version serveur :              Apache Tomcat/9.0.85
05-Feb-2024 11:26:13.259 INFO [main] org.apache.catalina.startup.VersionLoggerListener.log Serveur compilé :                  Jan 5 2024 08:28:07 UTC
05-Feb-2024 11:26:13.259 INFO [main] org.apache.catalina.startup.VersionLoggerListener.log Version du serveur :               9.0.85.0
05-Feb-2024 11:26:13.259 INFO [main] org.apache.catalina.startup.VersionLoggerListener.log Nom de l'OS :                      Windows 11
05-Feb-2024 11:26:13.260 INFO [main] org.apache.catalina.startup.VersionLoggerListener.log Version OS :                       10.0
05-Feb-2024 11:26:13.260 INFO [main] org.apache.catalina.startup.VersionLoggerListener.log Architecture :                     amd64
05-Feb-2024 11:26:13.260 INFO [main] org.apache.catalina.startup.VersionLoggerListener.log Java Home :                        C:\Program Files\Java\jdk-11
05-Feb-2024 11:26:13.260 INFO [main] org.apache.catalina.startup.VersionLoggerListener.log Version JVM :                      11.0.19+9-LTS-224
05-Feb-2024 11:26:13.260 INFO [main] org.apache.catalina.startup.VersionLoggerListener.log Fournisseur de la JVM :            Oracle Corporation
05-Feb-2024 11:26:13.260 INFO [main] org.apache.catalina.startup.VersionLoggerListener.log CATALINA_BASE :                    C:\Users\alex4\Desktop\COURS\EI3\PGROU\ECNAutoSurvey\Tomcat server
05-Feb-2024 11:26:13.260 INFO [main] org.apache.catalina.startup.VersionLoggerListener.log CATALINA_HOME :                    C:\Users\alex4\Desktop\COURS\EI3\PGROU\ECNAutoSurvey\Tomcat server
05-Feb-2024 11:26:13.273 INFO [main] org.apache.catalina.startup.VersionLoggerListener.log Argument de la ligne de commande : --add-opens=java.base/java.lang=ALL-UNNAMED
05-Feb-2024 11:26:13.274 INFO [main] org.apache.catalina.startup.VersionLoggerListener.log Argument de la ligne de commande : --add-opens=java.base/java.io=ALL-UNNAMED
05-Feb-2024 11:26:13.274 INFO [main] org.apache.catalina.startup.VersionLoggerListener.log Argument de la ligne de commande : --add-opens=java.base/java.util=ALL-UNNAMED
05-Feb-2024 11:26:13.274 INFO [main] org.apache.catalina.startup.VersionLoggerListener.log Argument de la ligne de commande : --add-opens=java.base/java.util.concurrent=ALL-UNNAMED
05-Feb-2024 11:26:13.275 INFO [main] org.apache.catalina.startup.VersionLoggerListener.log Argument de la ligne de commande : --add-opens=java.rmi/sun.rmi.transport=ALL-UNNAMED
05-Feb-2024 11:26:13.275 INFO [main] org.apache.catalina.startup.VersionLoggerListener.log Argument de la ligne de commande : -Djava.util.logging.config.file=C:\Users\alex4\Desktop\COURS\EI3\PGROU\ECNAutoSurvey\Tomcat server\conf\logging.properties
05-Feb-2024 11:26:13.275 INFO [main] org.apache.catalina.startup.VersionLoggerListener.log Argument de la ligne de commande : -Djava.util.logging.manager=org.apache.juli.ClassLoaderLogManager
05-Feb-2024 11:26:13.275 INFO [main] org.apache.catalina.startup.VersionLoggerListener.log Argument de la ligne de commande : -Djdk.tls.ephemeralDHKeySize=2048
05-Feb-2024 11:26:13.275 INFO [main] org.apache.catalina.startup.VersionLoggerListener.log Argument de la ligne de commande : -Djava.protocol.handler.pkgs=org.apache.catalina.webresources
05-Feb-2024 11:26:13.275 INFO [main] org.apache.catalina.startup.VersionLoggerListener.log Argument de la ligne de commande : -Dignore.endorsed.dirs=
05-Feb-2024 11:26:13.275 INFO [main] org.apache.catalina.startup.VersionLoggerListener.log Argument de la ligne de commande : -Dcatalina.base=C:\Users\alex4\Desktop\COURS\EI3\PGROU\ECNAutoSurvey\Tomcat server
05-Feb-2024 11:26:13.275 INFO [main] org.apache.catalina.startup.VersionLoggerListener.log Argument de la ligne de commande : -Dcatalina.home=C:\Users\alex4\Desktop\COURS\EI3\PGROU\ECNAutoSurvey\Tomcat server
05-Feb-2024 11:26:13.275 INFO [main] org.apache.catalina.startup.VersionLoggerListener.log Argument de la ligne de commande : -Djava.io.tmpdir=C:\Users\alex4\Desktop\COURS\EI3\PGROU\ECNAutoSurvey\Tomcat server\temp
05-Feb-2024 11:26:13.280 INFO [main] org.apache.catalina.core.AprLifecycleListener.lifecycleEvent Chargement de la librairie Apache Tomcat Native [1.2.39] en utilisant APR version [1.7.4]
05-Feb-2024 11:26:13.280 INFO [main] org.apache.catalina.core.AprLifecycleListener.lifecycleEvent Fonctionnalités d'APR : IPv6 [true], sendfile [true], accept filters [false], random [true], UDS [true]
05-Feb-2024 11:26:13.280 INFO [main] org.apache.catalina.core.AprLifecycleListener.lifecycleEvent Configuration de APR/OpenSSL : useAprConnector [false], useOpenSSL [true]
05-Feb-2024 11:26:13.286 INFO [main] org.apache.catalina.core.AprLifecycleListener.initializeSSL OpenSSL a été initialisé avec succès [OpenSSL 3.0.11 19 Sep 2023]
05-Feb-2024 11:26:13.536 INFO [main] org.apache.coyote.AbstractProtocol.init Initialisation du gestionnaire de protocole ["http-nio-8080"]
05-Feb-2024 11:26:13.560 INFO [main] org.apache.catalina.startup.Catalina.load L'initialisation du serveur a pris [478] millisecondes
05-Feb-2024 11:26:13.613 INFO [main] org.apache.catalina.core.StandardService.startInternal Démarrage du service [Catalina]
05-Feb-2024 11:26:13.613 INFO [main] org.apache.catalina.core.StandardEngine.startInternal Démarrage du moteur de Servlets : [Apache Tomcat/9.0.85]
05-Feb-2024 11:26:13.621 INFO [main] org.apache.catalina.startup.HostConfig.deployDescriptor Déploiement du descripteur de configuration [C:\Users\alex4\Desktop\COURS\EI3\PGROU\ECNAutoSurvey\Tomcat server\conf\Catalina\localhost\SpringApp.xml]
05-Feb-2024 11:26:13.632 WARNING [main] org.apache.catalina.startup.HostConfig.deployDescriptor L'attribut path avec la valeur [/SpringApp] dans le descripteur de déploiement [C:\Users\alex4\Desktop\COURS\EI3\PGROU\ECNAutoSurvey\Tomcat server\conf\Catalina\localhost\SpringApp.xml] a été ignoré
05-Feb-2024 11:26:16.331 WARNING [main] java.util.ArrayList.forEach Name = DataSource Property maxActive is not used in DBCP2, use maxTotal instead. maxTotal default value is 8. You have set value of "20" for "maxActive" property, which is being ignored.
05-Feb-2024 11:26:16.331 WARNING [main] java.util.ArrayList.forEach Name = DataSource Property maxWait is not used in DBCP2 , use maxWaitMillis instead. maxWaitMillis default value is PT-0.001S. You have set value of "-1" for "maxWait" property, which is being ignored.
05-Feb-2024 11:26:16.451 INFO [main] org.apache.jasper.servlet.TldScanner.scanJars Au moins un fichier JAR a été analysé pour trouver des TLDs mais il n'en contenait pas, le mode "debug" du journal peut être activé pour obtenir une liste complète de JAR scannés sans succès ; éviter d'analyser des JARs inutilement peut améliorer sensiblement le temps de démarrage et le temps de compilation des JSPs
05-Feb-2024 11:26:18.832 INFO [main] org.apache.catalina.loader.WebappClassLoaderBase.addTransformer Ajout d'un transformateur de fichier de class [Standard ClassFileTransformer wrapping JPA transformer: org.eclipse.persistence.internal.jpa.weaving.PersistenceWeaver@69554e5a] pour l'application web [SpringApp]
05-Feb-2024 11:26:21.946 WARNING [main] org.apache.catalina.util.SessionIdGeneratorBase.createSecureRandom La création de l'instance de SecureRandom pour le générateur d'id de session en utilisant [SHA1PRNG] a pris [665] millisecondes
05-Feb-2024 11:26:22.107 INFO [main] org.apache.catalina.startup.HostConfig.deployDescriptor Le traitement du descripteur de déploiement [C:\Users\alex4\Desktop\COURS\EI3\PGROU\ECNAutoSurvey\Tomcat server\conf\Catalina\localhost\SpringApp.xml] a pris [8 486] ms
05-Feb-2024 11:26:22.108 INFO [main] org.apache.catalina.startup.HostConfig.deployDirectory Déploiement du répertoire d'application web [C:\Users\alex4\Desktop\COURS\EI3\PGROU\ECNAutoSurvey\Tomcat server\webapps\docs]
05-Feb-2024 11:26:22.326 INFO [main] org.apache.jasper.servlet.TldScanner.scanJars Au moins un fichier JAR a été analysé pour trouver des TLDs mais il n'en contenait pas, le mode "debug" du journal peut être activé pour obtenir une liste complète de JAR scannés sans succès ; éviter d'analyser des JARs inutilement peut améliorer sensiblement le temps de démarrage et le temps de compilation des JSPs
05-Feb-2024 11:26:22.328 INFO [main] org.apache.catalina.startup.HostConfig.deployDirectory Le déploiement du répertoire [C:\Users\alex4\Desktop\COURS\EI3\PGROU\ECNAutoSurvey\Tomcat server\webapps\docs] de l'application web s'est terminé en [220] ms
05-Feb-2024 11:26:22.328 INFO [main] org.apache.catalina.startup.HostConfig.deployDirectory Déploiement du répertoire d'application web [C:\Users\alex4\Desktop\COURS\EI3\PGROU\ECNAutoSurvey\Tomcat server\webapps\examples]
05-Feb-2024 11:26:22.756 INFO [main] org.apache.jasper.servlet.TldScanner.scanJars Au moins un fichier JAR a été analysé pour trouver des TLDs mais il n'en contenait pas, le mode "debug" du journal peut être activé pour obtenir une liste complète de JAR scannés sans succès ; éviter d'analyser des JARs inutilement peut améliorer sensiblement le temps de démarrage et le temps de compilation des JSPs
05-Feb-2024 11:26:22.799 INFO [main] org.apache.catalina.startup.HostConfig.deployDirectory Le déploiement du répertoire [C:\Users\alex4\Desktop\COURS\EI3\PGROU\ECNAutoSurvey\Tomcat server\webapps\examples] de l'application web s'est terminé en [470] ms
05-Feb-2024 11:26:22.799 INFO [main] org.apache.catalina.startup.HostConfig.deployDirectory Déploiement du répertoire d'application web [C:\Users\alex4\Desktop\COURS\EI3\PGROU\ECNAutoSurvey\Tomcat server\webapps\host-manager]
05-Feb-2024 11:26:22.971 INFO [main] org.apache.jasper.servlet.TldScanner.scanJars Au moins un fichier JAR a été analysé pour trouver des TLDs mais il n'en contenait pas, le mode "debug" du journal peut être activé pour obtenir une liste complète de JAR scannés sans succès ; éviter d'analyser des JARs inutilement peut améliorer sensiblement le temps de démarrage et le temps de compilation des JSPs
05-Feb-2024 11:26:22.975 INFO [main] org.apache.catalina.startup.HostConfig.deployDirectory Le déploiement du répertoire [C:\Users\alex4\Desktop\COURS\EI3\PGROU\ECNAutoSurvey\Tomcat server\webapps\host-manager] de l'application web s'est terminé en [176] ms
05-Feb-2024 11:26:22.975 INFO [main] org.apache.catalina.startup.HostConfig.deployDirectory Déploiement du répertoire d'application web [C:\Users\alex4\Desktop\COURS\EI3\PGROU\ECNAutoSurvey\Tomcat server\webapps\manager]
05-Feb-2024 11:26:23.150 INFO [main] org.apache.jasper.servlet.TldScanner.scanJars Au moins un fichier JAR a été analysé pour trouver des TLDs mais il n'en contenait pas, le mode "debug" du journal peut être activé pour obtenir une liste complète de JAR scannés sans succès ; éviter d'analyser des JARs inutilement peut améliorer sensiblement le temps de démarrage et le temps de compilation des JSPs
05-Feb-2024 11:26:23.152 INFO [main] org.apache.catalina.startup.HostConfig.deployDirectory Le déploiement du répertoire [C:\Users\alex4\Desktop\COURS\EI3\PGROU\ECNAutoSurvey\Tomcat server\webapps\manager] de l'application web s'est terminé en [177] ms
05-Feb-2024 11:26:23.152 INFO [main] org.apache.catalina.startup.HostConfig.deployDirectory Déploiement du répertoire d'application web [C:\Users\alex4\Desktop\COURS\EI3\PGROU\ECNAutoSurvey\Tomcat server\webapps\ROOT]
05-Feb-2024 11:26:23.309 INFO [main] org.apache.jasper.servlet.TldScanner.scanJars Au moins un fichier JAR a été analysé pour trouver des TLDs mais il n'en contenait pas, le mode "debug" du journal peut être activé pour obtenir une liste complète de JAR scannés sans succès ; éviter d'analyser des JARs inutilement peut améliorer sensiblement le temps de démarrage et le temps de compilation des JSPs
05-Feb-2024 11:26:23.311 INFO [main] org.apache.catalina.startup.HostConfig.deployDirectory Le déploiement du répertoire [C:\Users\alex4\Desktop\COURS\EI3\PGROU\ECNAutoSurvey\Tomcat server\webapps\ROOT] de l'application web s'est terminé en [159] ms
05-Feb-2024 11:26:23.316 INFO [main] org.apache.coyote.AbstractProtocol.start Démarrage du gestionnaire de protocole ["http-nio-8080"]
05-Feb-2024 11:26:23.337 INFO [main] org.apache.catalina.startup.Catalina.start Le démarrage du serveur a pris [9775] millisecondes
05-Feb-2024 11:26:23.468 WARNING [http-nio-8080-exec-10] org.apache.catalina.loader.WebappClassLoaderBase.clearReferencesJdbc L'application web [SpringApp] a enregistré un pilote JDBC [org.postgresql.Driver], mais ne l'a pas désenregistré avant l'arrêt de l'application.  Pour éviter une fuite de mémoire, le pilote JDBC a été désenregistré de force.
05-Feb-2024 11:26:23.985 INFO [http-nio-8080-exec-10] org.apache.catalina.startup.HostConfig.undeploy Retrait de l'application web ayant pour chemin de contexte [/SpringApp]
05-Feb-2024 11:26:24.008 INFO [http-nio-8080-exec-4] org.apache.catalina.startup.HostConfig.deployDescriptor Déploiement du descripteur de configuration [C:\Users\alex4\Desktop\COURS\EI3\PGROU\ECNAutoSurvey\Tomcat server\conf\Catalina\localhost\SpringApp.xml]
05-Feb-2024 11:26:24.010 WARNING [http-nio-8080-exec-4] org.apache.catalina.startup.HostConfig.deployDescriptor L'attribut path avec la valeur [/SpringApp] dans le descripteur de déploiement [C:\Users\alex4\Desktop\COURS\EI3\PGROU\ECNAutoSurvey\Tomcat server\conf\Catalina\localhost\SpringApp.xml] a été ignoré
05-Feb-2024 11:26:26.448 INFO [http-nio-8080-exec-4] org.apache.jasper.servlet.TldScanner.scanJars Au moins un fichier JAR a été analysé pour trouver des TLDs mais il n'en contenait pas, le mode "debug" du journal peut être activé pour obtenir une liste complète de JAR scannés sans succès ; éviter d'analyser des JARs inutilement peut améliorer sensiblement le temps de démarrage et le temps de compilation des JSPs
05-Feb-2024 11:26:28.651 INFO [http-nio-8080-exec-4] org.apache.catalina.loader.WebappClassLoaderBase.addTransformer Ajout d'un transformateur de fichier de class [Standard ClassFileTransformer wrapping JPA transformer: org.eclipse.persistence.internal.jpa.weaving.PersistenceWeaver@6f757e65] pour l'application web [SpringApp]
05-Feb-2024 11:26:30.326 INFO [http-nio-8080-exec-4] org.apache.catalina.startup.HostConfig.deployDescriptor Le traitement du descripteur de déploiement [C:\Users\alex4\Desktop\COURS\EI3\PGROU\ECNAutoSurvey\Tomcat server\conf\Catalina\localhost\SpringApp.xml] a pris [6 318] ms
05-Feb-2024 11:26:30.329 INFO [http-nio-8080-exec-5] org.apache.catalina.util.LifecycleBase.start La méthode start() a été appelée sur le composant [StandardEngine[Catalina].StandardHost[localhost].StandardContext[/SpringApp]] après que start() ait déjà été appelé, le deuxième appel sera ignoré
05-Feb-2024 11:27:04.405 INFO [main] org.apache.catalina.core.StandardServer.await Une commande d'arrêt valide a été reçue sur le port d'arrêt, arrêt de l'instance du serveur
05-Feb-2024 11:27:04.406 INFO [main] org.apache.coyote.AbstractProtocol.pause Le gestionnaire de protocole ["http-nio-8080"] est mis en pause
05-Feb-2024 11:27:05.087 INFO [main] org.apache.catalina.core.StandardService.stopInternal Arrêt du service [Catalina]
05-Feb-2024 11:27:05.115 WARNING [main] org.apache.catalina.loader.WebappClassLoaderBase.clearReferencesJdbc L'application web [SpringApp] a enregistré un pilote JDBC [org.postgresql.Driver], mais ne l'a pas désenregistré avant l'arrêt de l'application.  Pour éviter une fuite de mémoire, le pilote JDBC a été désenregistré de force.
05-Feb-2024 11:27:05.127 INFO [main] org.apache.coyote.AbstractProtocol.stop Arrêt du gestionnaire de protocole ["http-nio-8080"]
05-Feb-2024 11:27:05.144 INFO [main] org.apache.coyote.AbstractProtocol.destroy Destruction du gestionnaire de protocole ["http-nio-8080"]
