02-Feb-2024 13:53:33.922 INFO [main] org.apache.catalina.startup.VersionLoggerListener.log Nom version serveur :              Apache Tomcat/9.0.85
02-Feb-2024 13:53:33.925 INFO [main] org.apache.catalina.startup.VersionLoggerListener.log Serveur compilé :                  Jan 5 2024 08:28:07 UTC
02-Feb-2024 13:53:33.925 INFO [main] org.apache.catalina.startup.VersionLoggerListener.log Version du serveur :               9.0.85.0
02-Feb-2024 13:53:33.925 INFO [main] org.apache.catalina.startup.VersionLoggerListener.log Nom de l'OS :                      Windows 10
02-Feb-2024 13:53:33.925 INFO [main] org.apache.catalina.startup.VersionLoggerListener.log Version OS :                       10.0
02-Feb-2024 13:53:33.925 INFO [main] org.apache.catalina.startup.VersionLoggerListener.log Architecture :                     amd64
02-Feb-2024 13:53:33.925 INFO [main] org.apache.catalina.startup.VersionLoggerListener.log Java Home :                        C:\Program Files\Java\jdk-17
02-Feb-2024 13:53:33.925 INFO [main] org.apache.catalina.startup.VersionLoggerListener.log Version JVM :                      17.0.10+11-LTS-240
02-Feb-2024 13:53:33.925 INFO [main] org.apache.catalina.startup.VersionLoggerListener.log Fournisseur de la JVM :            Oracle Corporation
02-Feb-2024 13:53:33.926 INFO [main] org.apache.catalina.startup.VersionLoggerListener.log CATALINA_BASE :                    C:\Users\Alex\Documents\COURS\EI3\ECNAutoSurvey\Tomcat server
02-Feb-2024 13:53:33.926 INFO [main] org.apache.catalina.startup.VersionLoggerListener.log CATALINA_HOME :                    C:\Users\Alex\Documents\COURS\EI3\ECNAutoSurvey\Tomcat server
02-Feb-2024 13:53:33.932 INFO [main] org.apache.catalina.startup.VersionLoggerListener.log Argument de la ligne de commande : --add-opens=java.base/java.lang=ALL-UNNAMED
02-Feb-2024 13:53:33.932 INFO [main] org.apache.catalina.startup.VersionLoggerListener.log Argument de la ligne de commande : --add-opens=java.base/java.io=ALL-UNNAMED
02-Feb-2024 13:53:33.932 INFO [main] org.apache.catalina.startup.VersionLoggerListener.log Argument de la ligne de commande : --add-opens=java.base/java.util=ALL-UNNAMED
02-Feb-2024 13:53:33.933 INFO [main] org.apache.catalina.startup.VersionLoggerListener.log Argument de la ligne de commande : --add-opens=java.base/java.util.concurrent=ALL-UNNAMED
02-Feb-2024 13:53:33.933 INFO [main] org.apache.catalina.startup.VersionLoggerListener.log Argument de la ligne de commande : --add-opens=java.rmi/sun.rmi.transport=ALL-UNNAMED
02-Feb-2024 13:53:33.933 INFO [main] org.apache.catalina.startup.VersionLoggerListener.log Argument de la ligne de commande : -Djava.util.logging.config.file=C:\Users\Alex\Documents\COURS\EI3\ECNAutoSurvey\Tomcat server\conf\logging.properties
02-Feb-2024 13:53:33.933 INFO [main] org.apache.catalina.startup.VersionLoggerListener.log Argument de la ligne de commande : -Djava.util.logging.manager=org.apache.juli.ClassLoaderLogManager
02-Feb-2024 13:53:33.933 INFO [main] org.apache.catalina.startup.VersionLoggerListener.log Argument de la ligne de commande : -Djdk.tls.ephemeralDHKeySize=2048
02-Feb-2024 13:53:33.933 INFO [main] org.apache.catalina.startup.VersionLoggerListener.log Argument de la ligne de commande : -Djava.protocol.handler.pkgs=org.apache.catalina.webresources
02-Feb-2024 13:53:33.933 INFO [main] org.apache.catalina.startup.VersionLoggerListener.log Argument de la ligne de commande : -Dignore.endorsed.dirs=
02-Feb-2024 13:53:33.933 INFO [main] org.apache.catalina.startup.VersionLoggerListener.log Argument de la ligne de commande : -Dcatalina.base=C:\Users\Alex\Documents\COURS\EI3\ECNAutoSurvey\Tomcat server
02-Feb-2024 13:53:33.934 INFO [main] org.apache.catalina.startup.VersionLoggerListener.log Argument de la ligne de commande : -Dcatalina.home=C:\Users\Alex\Documents\COURS\EI3\ECNAutoSurvey\Tomcat server
02-Feb-2024 13:53:33.934 INFO [main] org.apache.catalina.startup.VersionLoggerListener.log Argument de la ligne de commande : -Djava.io.tmpdir=C:\Users\Alex\Documents\COURS\EI3\ECNAutoSurvey\Tomcat server\temp
02-Feb-2024 13:53:33.936 INFO [main] org.apache.catalina.core.AprLifecycleListener.lifecycleEvent Chargement de la librairie Apache Tomcat Native [1.2.39] en utilisant APR version [1.7.4]
02-Feb-2024 13:53:33.936 INFO [main] org.apache.catalina.core.AprLifecycleListener.lifecycleEvent Fonctionnalités d'APR : IPv6 [true], sendfile [true], accept filters [false], random [true], UDS [true]
02-Feb-2024 13:53:33.937 INFO [main] org.apache.catalina.core.AprLifecycleListener.lifecycleEvent Configuration de APR/OpenSSL : useAprConnector [false], useOpenSSL [true]
02-Feb-2024 13:53:33.941 INFO [main] org.apache.catalina.core.AprLifecycleListener.initializeSSL OpenSSL a été initialisé avec succès [OpenSSL 3.0.11 19 Sep 2023]
02-Feb-2024 13:53:34.122 INFO [main] org.apache.coyote.AbstractProtocol.init Initialisation du gestionnaire de protocole ["http-nio-8080"]
02-Feb-2024 13:53:34.142 INFO [main] org.apache.catalina.startup.Catalina.load L'initialisation du serveur a pris [376] millisecondes
02-Feb-2024 13:53:34.183 INFO [main] org.apache.catalina.core.StandardService.startInternal Démarrage du service [Catalina]
02-Feb-2024 13:53:34.183 INFO [main] org.apache.catalina.core.StandardEngine.startInternal Démarrage du moteur de Servlets : [Apache Tomcat/9.0.85]
02-Feb-2024 13:53:34.192 INFO [main] org.apache.catalina.startup.HostConfig.deployDirectory Déploiement du répertoire d'application web [C:\Users\Alex\Documents\COURS\EI3\ECNAutoSurvey\Tomcat server\webapps\docs]
02-Feb-2024 13:53:34.458 INFO [main] org.apache.catalina.startup.HostConfig.deployDirectory Le déploiement du répertoire [C:\Users\Alex\Documents\COURS\EI3\ECNAutoSurvey\Tomcat server\webapps\docs] de l'application web s'est terminé en [264] ms
02-Feb-2024 13:53:34.458 INFO [main] org.apache.catalina.startup.HostConfig.deployDirectory Déploiement du répertoire d'application web [C:\Users\Alex\Documents\COURS\EI3\ECNAutoSurvey\Tomcat server\webapps\examples]
02-Feb-2024 13:53:34.927 INFO [main] org.apache.catalina.startup.HostConfig.deployDirectory Le déploiement du répertoire [C:\Users\Alex\Documents\COURS\EI3\ECNAutoSurvey\Tomcat server\webapps\examples] de l'application web s'est terminé en [469] ms
02-Feb-2024 13:53:34.927 INFO [main] org.apache.catalina.startup.HostConfig.deployDirectory Déploiement du répertoire d'application web [C:\Users\Alex\Documents\COURS\EI3\ECNAutoSurvey\Tomcat server\webapps\host-manager]
02-Feb-2024 13:53:34.973 INFO [main] org.apache.catalina.startup.HostConfig.deployDirectory Le déploiement du répertoire [C:\Users\Alex\Documents\COURS\EI3\ECNAutoSurvey\Tomcat server\webapps\host-manager] de l'application web s'est terminé en [45] ms
02-Feb-2024 13:53:34.973 INFO [main] org.apache.catalina.startup.HostConfig.deployDirectory Déploiement du répertoire d'application web [C:\Users\Alex\Documents\COURS\EI3\ECNAutoSurvey\Tomcat server\webapps\manager]
02-Feb-2024 13:53:35.014 INFO [main] org.apache.catalina.startup.HostConfig.deployDirectory Le déploiement du répertoire [C:\Users\Alex\Documents\COURS\EI3\ECNAutoSurvey\Tomcat server\webapps\manager] de l'application web s'est terminé en [41] ms
02-Feb-2024 13:53:35.015 INFO [main] org.apache.catalina.startup.HostConfig.deployDirectory Déploiement du répertoire d'application web [C:\Users\Alex\Documents\COURS\EI3\ECNAutoSurvey\Tomcat server\webapps\ROOT]
02-Feb-2024 13:53:35.043 INFO [main] org.apache.catalina.startup.HostConfig.deployDirectory Le déploiement du répertoire [C:\Users\Alex\Documents\COURS\EI3\ECNAutoSurvey\Tomcat server\webapps\ROOT] de l'application web s'est terminé en [28] ms
02-Feb-2024 13:53:35.047 INFO [main] org.apache.coyote.AbstractProtocol.start Démarrage du gestionnaire de protocole ["http-nio-8080"]
02-Feb-2024 13:53:35.078 INFO [main] org.apache.catalina.startup.Catalina.start Le démarrage du serveur a pris [936] millisecondes
02-Feb-2024 13:55:32.736 INFO [main] org.apache.catalina.core.StandardServer.await Une commande d'arrêt valide a été reçue sur le port d'arrêt, arrêt de l'instance du serveur
02-Feb-2024 13:55:32.736 INFO [main] org.apache.coyote.AbstractProtocol.pause Le gestionnaire de protocole ["http-nio-8080"] est mis en pause
02-Feb-2024 13:55:32.742 INFO [main] org.apache.catalina.core.StandardService.stopInternal Arrêt du service [Catalina]
02-Feb-2024 13:55:32.761 INFO [main] org.apache.coyote.AbstractProtocol.stop Arrêt du gestionnaire de protocole ["http-nio-8080"]
02-Feb-2024 13:55:32.778 INFO [main] org.apache.coyote.AbstractProtocol.destroy Destruction du gestionnaire de protocole ["http-nio-8080"]
