04-Feb-2024 12:28:05.128 INFO [main] org.apache.catalina.startup.VersionLoggerListener.log Nom version serveur :              Apache Tomcat/9.0.85
04-Feb-2024 12:28:05.131 INFO [main] org.apache.catalina.startup.VersionLoggerListener.log Serveur compilé :                  Jan 5 2024 08:28:07 UTC
04-Feb-2024 12:28:05.131 INFO [main] org.apache.catalina.startup.VersionLoggerListener.log Version du serveur :               9.0.85.0
04-Feb-2024 12:28:05.131 INFO [main] org.apache.catalina.startup.VersionLoggerListener.log Nom de l'OS :                      Windows 10
04-Feb-2024 12:28:05.131 INFO [main] org.apache.catalina.startup.VersionLoggerListener.log Version OS :                       10.0
04-Feb-2024 12:28:05.131 INFO [main] org.apache.catalina.startup.VersionLoggerListener.log Architecture :                     amd64
04-Feb-2024 12:28:05.131 INFO [main] org.apache.catalina.startup.VersionLoggerListener.log Java Home :                        C:\Program Files\Java\jdk-21
04-Feb-2024 12:28:05.131 INFO [main] org.apache.catalina.startup.VersionLoggerListener.log Version JVM :                      21.0.1+12-LTS-29
04-Feb-2024 12:28:05.131 INFO [main] org.apache.catalina.startup.VersionLoggerListener.log Fournisseur de la JVM :            Oracle Corporation
04-Feb-2024 12:28:05.131 INFO [main] org.apache.catalina.startup.VersionLoggerListener.log CATALINA_BASE :                    C:\Users\Alex\Documents\COURS\EI3\ECNAutoSurvey\Tomcat server
04-Feb-2024 12:28:05.132 INFO [main] org.apache.catalina.startup.VersionLoggerListener.log CATALINA_HOME :                    C:\Users\Alex\Documents\COURS\EI3\ECNAutoSurvey\Tomcat server
04-Feb-2024 12:28:05.141 INFO [main] org.apache.catalina.startup.VersionLoggerListener.log Argument de la ligne de commande : --add-opens=java.base/java.lang=ALL-UNNAMED
04-Feb-2024 12:28:05.141 INFO [main] org.apache.catalina.startup.VersionLoggerListener.log Argument de la ligne de commande : --add-opens=java.base/java.io=ALL-UNNAMED
04-Feb-2024 12:28:05.141 INFO [main] org.apache.catalina.startup.VersionLoggerListener.log Argument de la ligne de commande : --add-opens=java.base/java.util=ALL-UNNAMED
04-Feb-2024 12:28:05.141 INFO [main] org.apache.catalina.startup.VersionLoggerListener.log Argument de la ligne de commande : --add-opens=java.base/java.util.concurrent=ALL-UNNAMED
04-Feb-2024 12:28:05.142 INFO [main] org.apache.catalina.startup.VersionLoggerListener.log Argument de la ligne de commande : --add-opens=java.rmi/sun.rmi.transport=ALL-UNNAMED
04-Feb-2024 12:28:05.142 INFO [main] org.apache.catalina.startup.VersionLoggerListener.log Argument de la ligne de commande : -Djava.util.logging.config.file=C:\Users\Alex\Documents\COURS\EI3\ECNAutoSurvey\Tomcat server\conf\logging.properties
04-Feb-2024 12:28:05.142 INFO [main] org.apache.catalina.startup.VersionLoggerListener.log Argument de la ligne de commande : -Djava.util.logging.manager=org.apache.juli.ClassLoaderLogManager
04-Feb-2024 12:28:05.142 INFO [main] org.apache.catalina.startup.VersionLoggerListener.log Argument de la ligne de commande : -Djdk.tls.ephemeralDHKeySize=2048
04-Feb-2024 12:28:05.142 INFO [main] org.apache.catalina.startup.VersionLoggerListener.log Argument de la ligne de commande : -Djava.protocol.handler.pkgs=org.apache.catalina.webresources
04-Feb-2024 12:28:05.142 INFO [main] org.apache.catalina.startup.VersionLoggerListener.log Argument de la ligne de commande : -Dignore.endorsed.dirs=
04-Feb-2024 12:28:05.142 INFO [main] org.apache.catalina.startup.VersionLoggerListener.log Argument de la ligne de commande : -Dcatalina.base=C:\Users\Alex\Documents\COURS\EI3\ECNAutoSurvey\Tomcat server
04-Feb-2024 12:28:05.142 INFO [main] org.apache.catalina.startup.VersionLoggerListener.log Argument de la ligne de commande : -Dcatalina.home=C:\Users\Alex\Documents\COURS\EI3\ECNAutoSurvey\Tomcat server
04-Feb-2024 12:28:05.142 INFO [main] org.apache.catalina.startup.VersionLoggerListener.log Argument de la ligne de commande : -Djava.io.tmpdir=C:\Users\Alex\Documents\COURS\EI3\ECNAutoSurvey\Tomcat server\temp
04-Feb-2024 12:28:05.154 INFO [main] org.apache.catalina.core.AprLifecycleListener.lifecycleEvent Chargement de la librairie Apache Tomcat Native [1.2.39] en utilisant APR version [1.7.4]
04-Feb-2024 12:28:05.168 INFO [main] org.apache.catalina.core.AprLifecycleListener.lifecycleEvent Fonctionnalités d'APR : IPv6 [true], sendfile [true], accept filters [false], random [true], UDS [true]
04-Feb-2024 12:28:05.168 INFO [main] org.apache.catalina.core.AprLifecycleListener.lifecycleEvent Configuration de APR/OpenSSL : useAprConnector [false], useOpenSSL [true]
04-Feb-2024 12:28:05.221 INFO [main] org.apache.catalina.core.AprLifecycleListener.initializeSSL OpenSSL a été initialisé avec succès [OpenSSL 3.0.11 19 Sep 2023]
04-Feb-2024 12:28:05.507 INFO [main] org.apache.coyote.AbstractProtocol.init Initialisation du gestionnaire de protocole ["http-nio-8080"]
04-Feb-2024 12:28:05.527 INFO [main] org.apache.catalina.startup.Catalina.load L'initialisation du serveur a pris [588] millisecondes
04-Feb-2024 12:28:05.584 INFO [main] org.apache.catalina.core.StandardService.startInternal Démarrage du service [Catalina]
04-Feb-2024 12:28:05.585 INFO [main] org.apache.catalina.core.StandardEngine.startInternal Démarrage du moteur de Servlets : [Apache Tomcat/9.0.85]
04-Feb-2024 12:28:05.593 INFO [main] org.apache.catalina.startup.HostConfig.deployDescriptor Déploiement du descripteur de configuration [C:\Users\Alex\Documents\COURS\EI3\ECNAutoSurvey\Tomcat server\conf\Catalina\localhost\SpringApp.xml]
04-Feb-2024 12:28:05.608 WARNING [main] org.apache.catalina.startup.HostConfig.deployDescriptor L'attribut path avec la valeur [/SpringApp] dans le descripteur de déploiement [C:\Users\Alex\Documents\COURS\EI3\ECNAutoSurvey\Tomcat server\conf\Catalina\localhost\SpringApp.xml] a été ignoré
04-Feb-2024 12:28:08.356 WARNING [main] java.util.ArrayList.forEach Name = DataSource Property maxActive is not used in DBCP2, use maxTotal instead. maxTotal default value is 8. You have set value of "20" for "maxActive" property, which is being ignored.
04-Feb-2024 12:28:08.356 WARNING [main] java.util.ArrayList.forEach Name = DataSource Property maxWait is not used in DBCP2 , use maxWaitMillis instead. maxWaitMillis default value is PT-0.001S. You have set value of "-1" for "maxWait" property, which is being ignored.
04-Feb-2024 12:28:08.526 INFO [main] org.apache.jasper.servlet.TldScanner.scanJars Au moins un fichier JAR a été analysé pour trouver des TLDs mais il n'en contenait pas, le mode "debug" du journal peut être activé pour obtenir une liste complète de JAR scannés sans succès ; éviter d'analyser des JARs inutilement peut améliorer sensiblement le temps de démarrage et le temps de compilation des JSPs
04-Feb-2024 12:28:10.716 INFO [main] org.apache.catalina.loader.WebappClassLoaderBase.addTransformer Ajout d'un transformateur de fichier de class [Standard ClassFileTransformer wrapping JPA transformer: org.eclipse.persistence.internal.jpa.weaving.PersistenceWeaver@6b1e72a4] pour l'application web [SpringApp]
04-Feb-2024 12:28:12.511 INFO [main] org.apache.catalina.startup.HostConfig.deployDescriptor Le traitement du descripteur de déploiement [C:\Users\Alex\Documents\COURS\EI3\ECNAutoSurvey\Tomcat server\conf\Catalina\localhost\SpringApp.xml] a pris [6 917] ms
04-Feb-2024 12:28:12.511 INFO [main] org.apache.catalina.startup.HostConfig.deployDirectory Déploiement du répertoire d'application web [C:\Users\Alex\Documents\COURS\EI3\ECNAutoSurvey\Tomcat server\webapps\docs]
04-Feb-2024 12:28:12.681 INFO [main] org.apache.jasper.servlet.TldScanner.scanJars Au moins un fichier JAR a été analysé pour trouver des TLDs mais il n'en contenait pas, le mode "debug" du journal peut être activé pour obtenir une liste complète de JAR scannés sans succès ; éviter d'analyser des JARs inutilement peut améliorer sensiblement le temps de démarrage et le temps de compilation des JSPs
04-Feb-2024 12:28:12.685 INFO [main] org.apache.catalina.startup.HostConfig.deployDirectory Le déploiement du répertoire [C:\Users\Alex\Documents\COURS\EI3\ECNAutoSurvey\Tomcat server\webapps\docs] de l'application web s'est terminé en [173] ms
04-Feb-2024 12:28:12.685 INFO [main] org.apache.catalina.startup.HostConfig.deployDirectory Déploiement du répertoire d'application web [C:\Users\Alex\Documents\COURS\EI3\ECNAutoSurvey\Tomcat server\webapps\examples]
04-Feb-2024 12:28:13.198 INFO [main] org.apache.jasper.servlet.TldScanner.scanJars Au moins un fichier JAR a été analysé pour trouver des TLDs mais il n'en contenait pas, le mode "debug" du journal peut être activé pour obtenir une liste complète de JAR scannés sans succès ; éviter d'analyser des JARs inutilement peut améliorer sensiblement le temps de démarrage et le temps de compilation des JSPs
04-Feb-2024 12:28:13.255 INFO [main] org.apache.catalina.startup.HostConfig.deployDirectory Le déploiement du répertoire [C:\Users\Alex\Documents\COURS\EI3\ECNAutoSurvey\Tomcat server\webapps\examples] de l'application web s'est terminé en [570] ms
04-Feb-2024 12:28:13.255 INFO [main] org.apache.catalina.startup.HostConfig.deployDirectory Déploiement du répertoire d'application web [C:\Users\Alex\Documents\COURS\EI3\ECNAutoSurvey\Tomcat server\webapps\host-manager]
04-Feb-2024 12:28:13.402 INFO [main] org.apache.jasper.servlet.TldScanner.scanJars Au moins un fichier JAR a été analysé pour trouver des TLDs mais il n'en contenait pas, le mode "debug" du journal peut être activé pour obtenir une liste complète de JAR scannés sans succès ; éviter d'analyser des JARs inutilement peut améliorer sensiblement le temps de démarrage et le temps de compilation des JSPs
04-Feb-2024 12:28:13.406 INFO [main] org.apache.catalina.startup.HostConfig.deployDirectory Le déploiement du répertoire [C:\Users\Alex\Documents\COURS\EI3\ECNAutoSurvey\Tomcat server\webapps\host-manager] de l'application web s'est terminé en [151] ms
04-Feb-2024 12:28:13.407 INFO [main] org.apache.catalina.startup.HostConfig.deployDirectory Déploiement du répertoire d'application web [C:\Users\Alex\Documents\COURS\EI3\ECNAutoSurvey\Tomcat server\webapps\manager]
04-Feb-2024 12:28:13.556 INFO [main] org.apache.jasper.servlet.TldScanner.scanJars Au moins un fichier JAR a été analysé pour trouver des TLDs mais il n'en contenait pas, le mode "debug" du journal peut être activé pour obtenir une liste complète de JAR scannés sans succès ; éviter d'analyser des JARs inutilement peut améliorer sensiblement le temps de démarrage et le temps de compilation des JSPs
04-Feb-2024 12:28:13.559 INFO [main] org.apache.catalina.startup.HostConfig.deployDirectory Le déploiement du répertoire [C:\Users\Alex\Documents\COURS\EI3\ECNAutoSurvey\Tomcat server\webapps\manager] de l'application web s'est terminé en [152] ms
04-Feb-2024 12:28:13.559 INFO [main] org.apache.catalina.startup.HostConfig.deployDirectory Déploiement du répertoire d'application web [C:\Users\Alex\Documents\COURS\EI3\ECNAutoSurvey\Tomcat server\webapps\ROOT]
04-Feb-2024 12:28:13.703 INFO [main] org.apache.jasper.servlet.TldScanner.scanJars Au moins un fichier JAR a été analysé pour trouver des TLDs mais il n'en contenait pas, le mode "debug" du journal peut être activé pour obtenir une liste complète de JAR scannés sans succès ; éviter d'analyser des JARs inutilement peut améliorer sensiblement le temps de démarrage et le temps de compilation des JSPs
04-Feb-2024 12:28:13.706 INFO [main] org.apache.catalina.startup.HostConfig.deployDirectory Le déploiement du répertoire [C:\Users\Alex\Documents\COURS\EI3\ECNAutoSurvey\Tomcat server\webapps\ROOT] de l'application web s'est terminé en [147] ms
04-Feb-2024 12:28:13.708 INFO [main] org.apache.coyote.AbstractProtocol.start Démarrage du gestionnaire de protocole ["http-nio-8080"]
04-Feb-2024 12:28:13.722 INFO [main] org.apache.catalina.startup.Catalina.start Le démarrage du serveur a pris [8194] millisecondes
04-Feb-2024 12:28:16.797 WARNING [http-nio-8080-exec-2] org.apache.catalina.loader.WebappClassLoaderBase.clearReferencesJdbc L'application web [SpringApp] a enregistré un pilote JDBC [org.postgresql.Driver], mais ne l'a pas désenregistré avant l'arrêt de l'application.  Pour éviter une fuite de mémoire, le pilote JDBC a été désenregistré de force.
04-Feb-2024 12:28:17.315 INFO [http-nio-8080-exec-2] org.apache.catalina.startup.HostConfig.undeploy Retrait de l'application web ayant pour chemin de contexte [/SpringApp]
04-Feb-2024 12:28:17.356 INFO [http-nio-8080-exec-5] org.apache.catalina.startup.HostConfig.deployDescriptor Déploiement du descripteur de configuration [C:\Users\Alex\Documents\COURS\EI3\ECNAutoSurvey\Tomcat server\conf\Catalina\localhost\SpringApp.xml]
04-Feb-2024 12:28:17.358 WARNING [http-nio-8080-exec-5] org.apache.catalina.startup.HostConfig.deployDescriptor L'attribut path avec la valeur [/SpringApp] dans le descripteur de déploiement [C:\Users\Alex\Documents\COURS\EI3\ECNAutoSurvey\Tomcat server\conf\Catalina\localhost\SpringApp.xml] a été ignoré
04-Feb-2024 12:28:19.764 INFO [http-nio-8080-exec-5] org.apache.jasper.servlet.TldScanner.scanJars Au moins un fichier JAR a été analysé pour trouver des TLDs mais il n'en contenait pas, le mode "debug" du journal peut être activé pour obtenir une liste complète de JAR scannés sans succès ; éviter d'analyser des JARs inutilement peut améliorer sensiblement le temps de démarrage et le temps de compilation des JSPs
04-Feb-2024 12:28:21.706 INFO [http-nio-8080-exec-5] org.apache.catalina.loader.WebappClassLoaderBase.addTransformer Ajout d'un transformateur de fichier de class [Standard ClassFileTransformer wrapping JPA transformer: org.eclipse.persistence.internal.jpa.weaving.PersistenceWeaver@1a67c8d9] pour l'application web [SpringApp]
04-Feb-2024 12:28:23.243 INFO [http-nio-8080-exec-5] org.apache.catalina.startup.HostConfig.deployDescriptor Le traitement du descripteur de déploiement [C:\Users\Alex\Documents\COURS\EI3\ECNAutoSurvey\Tomcat server\conf\Catalina\localhost\SpringApp.xml] a pris [5 886] ms
04-Feb-2024 12:28:23.245 INFO [http-nio-8080-exec-4] org.apache.catalina.util.LifecycleBase.start La méthode start() a été appelée sur le composant [StandardEngine[Catalina].StandardHost[localhost].StandardContext[/SpringApp]] après que start() ait déjà été appelé, le deuxième appel sera ignoré
