05-Feb-2024 09:13:22.336 INFO [main] org.apache.catalina.core.ApplicationContext.log ContextListener: contextInitialized()
05-Feb-2024 09:13:22.336 INFO [main] org.apache.catalina.core.ApplicationContext.log SessionListener: contextInitialized()
05-Feb-2024 09:13:22.340 INFO [main] org.apache.catalina.core.ApplicationContext.log ContextListener: attributeAdded('StockTicker', 'async.Stockticker@1640c151')
05-Feb-2024 09:13:33.031 INFO [http-nio-8080-exec-4] org.apache.catalina.core.ApplicationContext.log No Spring WebApplicationInitializer types detected on classpath
05-Feb-2024 09:13:33.061 INFO [http-nio-8080-exec-4] org.apache.catalina.core.ApplicationContext.log Initializing Spring root WebApplicationContext
05-Feb-2024 09:13:37.741 INFO [http-nio-8080-exec-4] org.apache.catalina.core.ApplicationContext.log Initializing Spring DispatcherServlet 'dispatcher'
05-Feb-2024 09:15:32.031 INFO [http-nio-8080-exec-17] org.apache.catalina.core.ApplicationContext.log Destroying Spring FrameworkServlet 'dispatcher'
05-Feb-2024 09:15:32.038 INFO [http-nio-8080-exec-17] org.apache.catalina.core.ApplicationContext.log Closing Spring root WebApplicationContext
05-Feb-2024 09:15:35.110 INFO [http-nio-8080-exec-11] org.apache.catalina.core.ApplicationContext.log No Spring WebApplicationInitializer types detected on classpath
05-Feb-2024 09:15:35.133 INFO [http-nio-8080-exec-11] org.apache.catalina.core.ApplicationContext.log Initializing Spring root WebApplicationContext
05-Feb-2024 09:15:39.038 INFO [http-nio-8080-exec-11] org.apache.catalina.core.ApplicationContext.log Initializing Spring DispatcherServlet 'dispatcher'
05-Feb-2024 09:19:40.246 INFO [http-nio-8080-exec-26] org.apache.catalina.core.ApplicationContext.log Destroying Spring FrameworkServlet 'dispatcher'
05-Feb-2024 09:19:40.248 INFO [http-nio-8080-exec-26] org.apache.catalina.core.ApplicationContext.log Closing Spring root WebApplicationContext
05-Feb-2024 09:19:43.418 INFO [http-nio-8080-exec-24] org.apache.catalina.core.ApplicationContext.log No Spring WebApplicationInitializer types detected on classpath
05-Feb-2024 09:19:43.434 INFO [http-nio-8080-exec-24] org.apache.catalina.core.ApplicationContext.log Initializing Spring root WebApplicationContext
05-Feb-2024 09:19:47.596 INFO [http-nio-8080-exec-24] org.apache.catalina.core.ApplicationContext.log Initializing Spring DispatcherServlet 'dispatcher'
05-Feb-2024 09:21:21.811 INFO [http-nio-8080-exec-38] org.apache.catalina.core.ApplicationContext.log Destroying Spring FrameworkServlet 'dispatcher'
05-Feb-2024 09:21:21.813 INFO [http-nio-8080-exec-38] org.apache.catalina.core.ApplicationContext.log Closing Spring root WebApplicationContext
05-Feb-2024 09:21:24.963 INFO [http-nio-8080-exec-39] org.apache.catalina.core.ApplicationContext.log No Spring WebApplicationInitializer types detected on classpath
05-Feb-2024 09:21:24.981 INFO [http-nio-8080-exec-39] org.apache.catalina.core.ApplicationContext.log Initializing Spring root WebApplicationContext
05-Feb-2024 09:21:28.740 INFO [http-nio-8080-exec-39] org.apache.catalina.core.ApplicationContext.log Initializing Spring DispatcherServlet 'dispatcher'
05-Feb-2024 09:23:55.173 INFO [http-nio-8080-exec-40] org.apache.catalina.core.ApplicationContext.log Destroying Spring FrameworkServlet 'dispatcher'
05-Feb-2024 09:23:55.174 INFO [http-nio-8080-exec-40] org.apache.catalina.core.ApplicationContext.log Closing Spring root WebApplicationContext
05-Feb-2024 09:23:58.288 INFO [http-nio-8080-exec-43] org.apache.catalina.core.ApplicationContext.log No Spring WebApplicationInitializer types detected on classpath
05-Feb-2024 09:23:58.310 INFO [http-nio-8080-exec-43] org.apache.catalina.core.ApplicationContext.log Initializing Spring root WebApplicationContext
05-Feb-2024 09:24:02.209 INFO [http-nio-8080-exec-43] org.apache.catalina.core.ApplicationContext.log Initializing Spring DispatcherServlet 'dispatcher'
05-Feb-2024 09:34:08.653 INFO [http-nio-8080-exec-54] org.apache.catalina.core.ApplicationContext.log Destroying Spring FrameworkServlet 'dispatcher'
05-Feb-2024 09:34:08.657 INFO [http-nio-8080-exec-54] org.apache.catalina.core.ApplicationContext.log Closing Spring root WebApplicationContext
05-Feb-2024 09:34:12.985 INFO [http-nio-8080-exec-50] org.apache.catalina.core.ApplicationContext.log No Spring WebApplicationInitializer types detected on classpath
05-Feb-2024 09:34:13.016 INFO [http-nio-8080-exec-50] org.apache.catalina.core.ApplicationContext.log Initializing Spring root WebApplicationContext
05-Feb-2024 09:34:18.811 INFO [http-nio-8080-exec-50] org.apache.catalina.core.ApplicationContext.log Initializing Spring DispatcherServlet 'dispatcher'
05-Feb-2024 09:55:09.003 INFO [http-nio-8080-exec-66] org.apache.catalina.core.ApplicationContext.log Destroying Spring FrameworkServlet 'dispatcher'
05-Feb-2024 09:55:09.008 INFO [http-nio-8080-exec-66] org.apache.catalina.core.ApplicationContext.log Closing Spring root WebApplicationContext
05-Feb-2024 09:55:14.394 INFO [http-nio-8080-exec-64] org.apache.catalina.core.ApplicationContext.log No Spring WebApplicationInitializer types detected on classpath
05-Feb-2024 09:55:14.422 INFO [http-nio-8080-exec-64] org.apache.catalina.core.ApplicationContext.log Initializing Spring root WebApplicationContext
05-Feb-2024 09:55:20.961 INFO [http-nio-8080-exec-64] org.apache.catalina.core.ApplicationContext.log Initializing Spring DispatcherServlet 'dispatcher'
05-Feb-2024 10:07:53.197 INFO [http-nio-8080-exec-76] org.apache.catalina.core.ApplicationContext.log Destroying Spring FrameworkServlet 'dispatcher'
05-Feb-2024 10:07:53.199 INFO [http-nio-8080-exec-76] org.apache.catalina.core.ApplicationContext.log Closing Spring root WebApplicationContext
05-Feb-2024 10:07:56.250 INFO [http-nio-8080-exec-70] org.apache.catalina.core.ApplicationContext.log No Spring WebApplicationInitializer types detected on classpath
05-Feb-2024 10:07:56.267 INFO [http-nio-8080-exec-70] org.apache.catalina.core.ApplicationContext.log Initializing Spring root WebApplicationContext
05-Feb-2024 10:07:59.983 INFO [http-nio-8080-exec-70] org.apache.catalina.core.ApplicationContext.log Initializing Spring DispatcherServlet 'dispatcher'
05-Feb-2024 10:12:45.278 INFO [http-nio-8080-exec-85] org.apache.catalina.core.ApplicationContext.log Destroying Spring FrameworkServlet 'dispatcher'
05-Feb-2024 10:12:45.281 INFO [http-nio-8080-exec-85] org.apache.catalina.core.ApplicationContext.log Closing Spring root WebApplicationContext
05-Feb-2024 10:12:48.448 INFO [http-nio-8080-exec-82] org.apache.catalina.core.ApplicationContext.log No Spring WebApplicationInitializer types detected on classpath
05-Feb-2024 10:12:48.464 INFO [http-nio-8080-exec-82] org.apache.catalina.core.ApplicationContext.log Initializing Spring root WebApplicationContext
05-Feb-2024 10:12:52.255 INFO [http-nio-8080-exec-82] org.apache.catalina.core.ApplicationContext.log Initializing Spring DispatcherServlet 'dispatcher'
05-Feb-2024 10:13:20.858 INFO [http-nio-8080-exec-89] org.apache.catalina.core.ApplicationContext.log Destroying Spring FrameworkServlet 'dispatcher'
05-Feb-2024 10:13:20.860 INFO [http-nio-8080-exec-89] org.apache.catalina.core.ApplicationContext.log Closing Spring root WebApplicationContext
05-Feb-2024 10:13:23.822 INFO [http-nio-8080-exec-80] org.apache.catalina.core.ApplicationContext.log No Spring WebApplicationInitializer types detected on classpath
05-Feb-2024 10:13:23.839 INFO [http-nio-8080-exec-80] org.apache.catalina.core.ApplicationContext.log Initializing Spring root WebApplicationContext
05-Feb-2024 10:13:27.474 INFO [http-nio-8080-exec-80] org.apache.catalina.core.ApplicationContext.log Initializing Spring DispatcherServlet 'dispatcher'
05-Feb-2024 11:26:04.657 INFO [main] org.apache.catalina.core.ApplicationContext.log SessionListener: contextDestroyed()
05-Feb-2024 11:26:04.657 INFO [main] org.apache.catalina.core.ApplicationContext.log ContextListener: contextDestroyed()
05-Feb-2024 11:26:04.664 INFO [main] org.apache.catalina.core.ApplicationContext.log Destroying Spring FrameworkServlet 'dispatcher'
05-Feb-2024 11:26:04.670 INFO [main] org.apache.catalina.core.ApplicationContext.log Closing Spring root WebApplicationContext
05-Feb-2024 11:26:16.478 INFO [main] org.apache.catalina.core.ApplicationContext.log No Spring WebApplicationInitializer types detected on classpath
05-Feb-2024 11:26:16.500 INFO [main] org.apache.catalina.core.ApplicationContext.log Initializing Spring root WebApplicationContext
05-Feb-2024 11:26:21.965 INFO [main] org.apache.catalina.core.ApplicationContext.log Initializing Spring DispatcherServlet 'dispatcher'
05-Feb-2024 11:26:22.787 INFO [main] org.apache.catalina.core.ApplicationContext.log ContextListener: contextInitialized()
05-Feb-2024 11:26:22.787 INFO [main] org.apache.catalina.core.ApplicationContext.log SessionListener: contextInitialized()
05-Feb-2024 11:26:22.789 INFO [main] org.apache.catalina.core.ApplicationContext.log ContextListener: attributeAdded('StockTicker', 'async.Stockticker@3e13f2c8')
05-Feb-2024 11:26:23.445 INFO [http-nio-8080-exec-10] org.apache.catalina.core.ApplicationContext.log Destroying Spring FrameworkServlet 'dispatcher'
05-Feb-2024 11:26:23.451 INFO [http-nio-8080-exec-10] org.apache.catalina.core.ApplicationContext.log Closing Spring root WebApplicationContext
05-Feb-2024 11:26:26.458 INFO [http-nio-8080-exec-4] org.apache.catalina.core.ApplicationContext.log No Spring WebApplicationInitializer types detected on classpath
05-Feb-2024 11:26:26.475 INFO [http-nio-8080-exec-4] org.apache.catalina.core.ApplicationContext.log Initializing Spring root WebApplicationContext
05-Feb-2024 11:26:30.230 INFO [http-nio-8080-exec-4] org.apache.catalina.core.ApplicationContext.log Initializing Spring DispatcherServlet 'dispatcher'
05-Feb-2024 11:27:05.092 INFO [main] org.apache.catalina.core.ApplicationContext.log SessionListener: contextDestroyed()
05-Feb-2024 11:27:05.092 INFO [main] org.apache.catalina.core.ApplicationContext.log ContextListener: contextDestroyed()
05-Feb-2024 11:27:05.097 INFO [main] org.apache.catalina.core.ApplicationContext.log Destroying Spring FrameworkServlet 'dispatcher'
05-Feb-2024 11:27:05.100 INFO [main] org.apache.catalina.core.ApplicationContext.log Closing Spring root WebApplicationContext
