05-Feb-2024 09:13:29.615 INFO [http-nio-8080-exec-5] org.apache.catalina.core.ApplicationContext.log Manager: init: Associated with Deployer 'Catalina:type=Deployer,host=localhost'
05-Feb-2024 09:13:29.615 INFO [http-nio-8080-exec-5] org.apache.catalina.core.ApplicationContext.log Manager: init: Global resources are available
05-Feb-2024 09:13:29.677 INFO [http-nio-8080-exec-8] org.apache.catalina.core.ApplicationContext.log Manager: list: Listing contexts for virtual host 'localhost'
05-Feb-2024 09:13:29.686 INFO [http-nio-8080-exec-10] org.apache.catalina.core.ApplicationContext.log Manager: undeploy: Undeploying web application at '/SpringApp'
05-Feb-2024 09:13:30.226 INFO [http-nio-8080-exec-4] org.apache.catalina.core.ApplicationContext.log Manager: install: Installing context configuration at 'file:/C:/Users/alex4/AppData/Local/Temp/context5415869023553070149.xml'
05-Feb-2024 09:13:37.867 INFO [http-nio-8080-exec-6] org.apache.catalina.core.ApplicationContext.log Manager: start: Starting web application '/SpringApp'
05-Feb-2024 09:15:32.018 INFO [http-nio-8080-exec-13] org.apache.catalina.core.ApplicationContext.log Manager: list: Listing contexts for virtual host 'localhost'
05-Feb-2024 09:15:32.021 INFO [http-nio-8080-exec-15] org.apache.catalina.core.ApplicationContext.log Manager: list: Listing contexts for virtual host 'localhost'
05-Feb-2024 09:15:32.029 INFO [http-nio-8080-exec-17] org.apache.catalina.core.ApplicationContext.log Manager: undeploy: Undeploying web application at '/SpringApp'
05-Feb-2024 09:15:32.594 INFO [http-nio-8080-exec-11] org.apache.catalina.core.ApplicationContext.log Manager: install: Installing context configuration at 'file:/C:/Users/alex4/AppData/Local/Temp/context16689555886921333915.xml'
05-Feb-2024 09:15:39.148 INFO [http-nio-8080-exec-14] org.apache.catalina.core.ApplicationContext.log Manager: start: Starting web application '/SpringApp'
05-Feb-2024 09:19:40.236 INFO [http-nio-8080-exec-22] org.apache.catalina.core.ApplicationContext.log Manager: list: Listing contexts for virtual host 'localhost'
05-Feb-2024 09:19:40.238 INFO [http-nio-8080-exec-24] org.apache.catalina.core.ApplicationContext.log Manager: list: Listing contexts for virtual host 'localhost'
05-Feb-2024 09:19:40.245 INFO [http-nio-8080-exec-26] org.apache.catalina.core.ApplicationContext.log Manager: undeploy: Undeploying web application at '/SpringApp'
05-Feb-2024 09:19:40.799 INFO [http-nio-8080-exec-24] org.apache.catalina.core.ApplicationContext.log Manager: install: Installing context configuration at 'file:/C:/Users/alex4/AppData/Local/Temp/context5125433604821898022.xml'
05-Feb-2024 09:19:47.690 INFO [http-nio-8080-exec-23] org.apache.catalina.core.ApplicationContext.log Manager: start: Starting web application '/SpringApp'
05-Feb-2024 09:21:21.801 INFO [http-nio-8080-exec-33] org.apache.catalina.core.ApplicationContext.log Manager: list: Listing contexts for virtual host 'localhost'
05-Feb-2024 09:21:21.804 INFO [http-nio-8080-exec-35] org.apache.catalina.core.ApplicationContext.log Manager: list: Listing contexts for virtual host 'localhost'
05-Feb-2024 09:21:21.810 INFO [http-nio-8080-exec-38] org.apache.catalina.core.ApplicationContext.log Manager: undeploy: Undeploying web application at '/SpringApp'
05-Feb-2024 09:21:22.361 INFO [http-nio-8080-exec-39] org.apache.catalina.core.ApplicationContext.log Manager: install: Installing context configuration at 'file:/C:/Users/alex4/AppData/Local/Temp/context6481945602758853076.xml'
05-Feb-2024 09:21:28.835 INFO [http-nio-8080-exec-36] org.apache.catalina.core.ApplicationContext.log Manager: start: Starting web application '/SpringApp'
05-Feb-2024 09:23:52.141 INFO [http-nio-8080-exec-45] org.apache.catalina.core.ApplicationContext.log Manager: list: Listing contexts for virtual host 'localhost'
05-Feb-2024 09:23:55.164 INFO [http-nio-8080-exec-47] org.apache.catalina.core.ApplicationContext.log Manager: list: Listing contexts for virtual host 'localhost'
05-Feb-2024 09:23:55.172 INFO [http-nio-8080-exec-40] org.apache.catalina.core.ApplicationContext.log Manager: undeploy: Undeploying web application at '/SpringApp'
05-Feb-2024 09:23:55.717 INFO [http-nio-8080-exec-43] org.apache.catalina.core.ApplicationContext.log Manager: install: Installing context configuration at 'file:/C:/Users/alex4/AppData/Local/Temp/context12460421489886280278.xml'
05-Feb-2024 09:24:02.305 INFO [http-nio-8080-exec-45] org.apache.catalina.core.ApplicationContext.log Manager: start: Starting web application '/SpringApp'
05-Feb-2024 09:34:08.639 INFO [http-nio-8080-exec-48] org.apache.catalina.core.ApplicationContext.log Manager: list: Listing contexts for virtual host 'localhost'
05-Feb-2024 09:34:08.642 INFO [http-nio-8080-exec-52] org.apache.catalina.core.ApplicationContext.log Manager: list: Listing contexts for virtual host 'localhost'
05-Feb-2024 09:34:08.652 INFO [http-nio-8080-exec-54] org.apache.catalina.core.ApplicationContext.log Manager: undeploy: Undeploying web application at '/SpringApp'
05-Feb-2024 09:34:09.216 INFO [http-nio-8080-exec-50] org.apache.catalina.core.ApplicationContext.log Manager: install: Installing context configuration at 'file:/C:/Users/alex4/AppData/Local/Temp/context3574727300782352202.xml'
05-Feb-2024 09:34:18.956 INFO [http-nio-8080-exec-49] org.apache.catalina.core.ApplicationContext.log Manager: start: Starting web application '/SpringApp'
05-Feb-2024 09:55:08.987 INFO [http-nio-8080-exec-60] org.apache.catalina.core.ApplicationContext.log Manager: list: Listing contexts for virtual host 'localhost'
05-Feb-2024 09:55:08.990 INFO [http-nio-8080-exec-65] org.apache.catalina.core.ApplicationContext.log Manager: list: Listing contexts for virtual host 'localhost'
05-Feb-2024 09:55:09.000 INFO [http-nio-8080-exec-66] org.apache.catalina.core.ApplicationContext.log Manager: undeploy: Undeploying web application at '/SpringApp'
05-Feb-2024 09:55:09.629 INFO [http-nio-8080-exec-64] org.apache.catalina.core.ApplicationContext.log Manager: install: Installing context configuration at 'file:/C:/Users/alex4/AppData/Local/Temp/context17496143888427552158.xml'
05-Feb-2024 09:55:21.094 INFO [http-nio-8080-exec-60] org.apache.catalina.core.ApplicationContext.log Manager: start: Starting web application '/SpringApp'
05-Feb-2024 10:07:53.187 INFO [http-nio-8080-exec-74] org.apache.catalina.core.ApplicationContext.log Manager: list: Listing contexts for virtual host 'localhost'
05-Feb-2024 10:07:53.189 INFO [http-nio-8080-exec-72] org.apache.catalina.core.ApplicationContext.log Manager: list: Listing contexts for virtual host 'localhost'
05-Feb-2024 10:07:53.196 INFO [http-nio-8080-exec-76] org.apache.catalina.core.ApplicationContext.log Manager: undeploy: Undeploying web application at '/SpringApp'
05-Feb-2024 10:07:53.739 INFO [http-nio-8080-exec-70] org.apache.catalina.core.ApplicationContext.log Manager: install: Installing context configuration at 'file:/C:/Users/alex4/AppData/Local/Temp/context8723061570846240683.xml'
05-Feb-2024 10:08:00.077 INFO [http-nio-8080-exec-71] org.apache.catalina.core.ApplicationContext.log Manager: start: Starting web application '/SpringApp'
05-Feb-2024 10:12:45.265 INFO [http-nio-8080-exec-79] org.apache.catalina.core.ApplicationContext.log Manager: list: Listing contexts for virtual host 'localhost'
05-Feb-2024 10:12:45.267 INFO [http-nio-8080-exec-82] org.apache.catalina.core.ApplicationContext.log Manager: list: Listing contexts for virtual host 'localhost'
05-Feb-2024 10:12:45.275 INFO [http-nio-8080-exec-85] org.apache.catalina.core.ApplicationContext.log Manager: undeploy: Undeploying web application at '/SpringApp'
05-Feb-2024 10:12:45.830 INFO [http-nio-8080-exec-82] org.apache.catalina.core.ApplicationContext.log Manager: install: Installing context configuration at 'file:/C:/Users/alex4/AppData/Local/Temp/context6677569395189283001.xml'
05-Feb-2024 10:12:52.336 INFO [http-nio-8080-exec-80] org.apache.catalina.core.ApplicationContext.log Manager: start: Starting web application '/SpringApp'
05-Feb-2024 10:13:20.846 INFO [http-nio-8080-exec-87] org.apache.catalina.core.ApplicationContext.log Manager: list: Listing contexts for virtual host 'localhost'
05-Feb-2024 10:13:20.850 INFO [http-nio-8080-exec-88] org.apache.catalina.core.ApplicationContext.log Manager: list: Listing contexts for virtual host 'localhost'
05-Feb-2024 10:13:20.856 INFO [http-nio-8080-exec-89] org.apache.catalina.core.ApplicationContext.log Manager: undeploy: Undeploying web application at '/SpringApp'
05-Feb-2024 10:13:21.398 INFO [http-nio-8080-exec-80] org.apache.catalina.core.ApplicationContext.log Manager: install: Installing context configuration at 'file:/C:/Users/alex4/AppData/Local/Temp/context4739081751127892294.xml'
05-Feb-2024 10:13:27.549 INFO [http-nio-8080-exec-90] org.apache.catalina.core.ApplicationContext.log Manager: start: Starting web application '/SpringApp'
05-Feb-2024 11:26:23.413 INFO [http-nio-8080-exec-5] org.apache.catalina.core.ApplicationContext.log Manager: init: Associated with Deployer 'Catalina:type=Deployer,host=localhost'
05-Feb-2024 11:26:23.413 INFO [http-nio-8080-exec-5] org.apache.catalina.core.ApplicationContext.log Manager: init: Global resources are available
05-Feb-2024 11:26:23.428 INFO [http-nio-8080-exec-6] org.apache.catalina.core.ApplicationContext.log Manager: list: Listing contexts for virtual host 'localhost'
05-Feb-2024 11:26:23.431 INFO [http-nio-8080-exec-9] org.apache.catalina.core.ApplicationContext.log Manager: list: Listing contexts for virtual host 'localhost'
05-Feb-2024 11:26:23.439 INFO [http-nio-8080-exec-10] org.apache.catalina.core.ApplicationContext.log Manager: undeploy: Undeploying web application at '/SpringApp'
05-Feb-2024 11:26:24.005 INFO [http-nio-8080-exec-4] org.apache.catalina.core.ApplicationContext.log Manager: install: Installing context configuration at 'file:/C:/Users/alex4/AppData/Local/Temp/context7656497426499469130.xml'
05-Feb-2024 11:26:30.329 INFO [http-nio-8080-exec-5] org.apache.catalina.core.ApplicationContext.log Manager: start: Starting web application '/SpringApp'
